Log file open, 04/10/18 11:38:16
LogWindows: Failed to load 'aqProf.dll' (GetLastError=126)
LogWindows: File 'aqProf.dll' does not exist
LogWindows: Failed to load 'VSPerf140.dll' (GetLastError=126)
LogWindows: File 'VSPerf140.dll' does not exist
LogWindows: Failed to load 'VtuneApi.dll' (GetLastError=126)
LogWindows: File 'VtuneApi.dll' does not exist
LogWindows: Failed to load 'VtuneApi32e.dll' (GetLastError=126)
LogWindows: File 'VtuneApi32e.dll' does not exist
LogInit: Display: Running engine for game: Game
LogPlatformFile: Not using cached read wrapper
LogInit: Display: RandInit(966927794) SRandInit(966927795).
LogTaskGraph: Started task graph with 5 named threads and 14 total threads with 3 sets of task threads.
LogStats: Stats thread started at 3.055548
LogD3D11RHI: Aftermath initialized
LogPluginManager: Mounting plugin Paper2D
LogPluginManager: Mounting plugin LightPropagationVolume
LogPluginManager: Mounting plugin CodeLiteSourceCodeAccess
LogPluginManager: Mounting plugin GitSourceControl
LogPluginManager: Mounting plugin KDevelopSourceCodeAccess
LogPluginManager: Mounting plugin NullSourceCodeAccess
LogPluginManager: Mounting plugin PerforceSourceControl
LogPluginManager: Mounting plugin SubversionSourceControl
LogPluginManager: Mounting plugin UObjectPlugin
LogPluginManager: Mounting plugin VisualStudioSourceCodeAccess
LogPluginManager: Mounting plugin XCodeSourceCodeAccess
LogPluginManager: Mounting plugin AssetManagerEditor
LogPluginManager: Mounting plugin AudioCapture
LogPluginManager: Mounting plugin FacialAnimation
LogPluginManager: Mounting plugin GameplayTagsEditor
LogPluginManager: Mounting plugin MobileLauncherProfileWizard
LogPluginManager: Mounting plugin PluginBrowser
LogPluginManager: Mounting plugin SpeedTreeImporter
LogPluginManager: Mounting plugin AlembicImporter
LogPluginManager: Mounting plugin CharacterAI
LogPluginManager: Mounting plugin HTML5Networking
LogPluginManager: Mounting plugin AndroidMedia
LogPluginManager: Mounting plugin AvfMedia
LogPluginManager: Mounting plugin MediaPlayerEditor
LogPluginManager: Mounting plugin WmfMedia
LogPluginManager: Mounting plugin TcpMessaging
LogPluginManager: Mounting plugin UdpMessaging
LogPluginManager: Mounting plugin LevelSequenceEditor
LogPluginManager: Mounting plugin MatineeToLevelSequence
LogPluginManager: Mounting plugin OnlineSubsystemGooglePlay
LogPluginManager: Mounting plugin OnlineSubsystemIOS
LogPluginManager: Mounting plugin OnlineSubsystem
LogPluginManager: Mounting plugin OnlineSubsystemNull
LogPluginManager: Mounting plugin OnlineSubsystemUtils
LogPluginManager: Mounting plugin AndroidDeviceProfileSelector
LogPluginManager: Mounting plugin AndroidMoviePlayer
LogPluginManager: Mounting plugin AndroidPermission
LogPluginManager: Mounting plugin AppleMoviePlayer
LogPluginManager: Mounting plugin ArchVisCharacter
LogPluginManager: Mounting plugin CableComponent
LogPluginManager: Mounting plugin CustomMeshComponent
LogPluginManager: Mounting plugin ExampleDeviceProfileSelector
LogPluginManager: Mounting plugin GoogleCloudMessaging
LogPluginManager: Mounting plugin ImmediatePhysics
LogPluginManager: Mounting plugin IOSDeviceProfileSelector
LogPluginManager: Mounting plugin LinuxDeviceProfileSelector
LogPluginManager: Mounting plugin LocationServicesBPLibrary
LogPluginManager: Mounting plugin MobilePatchingUtils
LogPluginManager: Mounting plugin OculusVR
LogPluginManager: Mounting plugin PhysXVehicles
LogPluginManager: Mounting plugin ProceduralMeshComponent
LogPluginManager: Mounting plugin RuntimePhysXCooking
LogPluginManager: Mounting plugin SteamVR
LogPluginManager: Mounting plugin WindowsMoviePlayer
LogInit: Using libcurl 7.47.1
LogInit:  - built for x86_64-pc-win32
LogInit:  - supports SSL with OpenSSL/1.0.2g
LogInit:  - supports HTTP deflate (compression) using libz 1.2.8
LogInit:  - other features:
LogInit:      CURL_VERSION_SSL
LogInit:      CURL_VERSION_LIBZ
LogInit:      CURL_VERSION_IPV6
LogInit:      CURL_VERSION_ASYNCHDNS
LogInit:      CURL_VERSION_LARGEFILE
LogInit:      CURL_VERSION_IDN
LogInit:  CurlRequestOptions (configurable via config and command line):
LogInit:  - bVerifyPeer = false  - Libcurl will NOT verify peer certificate
LogInit:  - bUseHttpProxy = false  - Libcurl will NOT use HTTP proxy
LogInit:  - bDontReuseConnections = false  - Libcurl will reuse connections
LogInit:  - CertBundlePath = nullptr  - Libcurl will use whatever was configured at build time.
LogInit: Build: ++UE4+Release-4.17-CL-3658906
LogInit: Engine Version: 4.17.2-3658906+++UE4+Release-4.17
LogInit: Compatible Engine Version: 4.17.0-3573198+++UE4+Release-4.17
LogInit: Net CL: 3573198
LogDevObjectVersion: Number of dev versions registered: 16
LogDevObjectVersion:   Dev-Blueprints (B0D832E4-1F89-4F0D-ACCF-7EB736FD4AA2): 10
LogDevObjectVersion:   Dev-Build (E1C64328-A22C-4D53-A36C-8E866417BD8C): 0
LogDevObjectVersion:   Dev-Core (375EC13C-06E4-48FB-B500-84F0262A717E): 2
LogDevObjectVersion:   Dev-Editor (E4B068ED-F494-42E9-A231-DA0B2E46BB41): 20
LogDevObjectVersion:   Dev-Framework (CFFC743F-43B0-4480-9391-14DF171D2073): 28
LogDevObjectVersion:   Dev-Mobile (B02B49B5-BB20-44E9-A304-32B752E40360): 0
LogDevObjectVersion:   Dev-Networking (A4E4105C-59A1-49B5-A7C5-40C4547EDFEE): 0
LogDevObjectVersion:   Dev-Online (39C831C9-5AE6-47DC-9A44-9C173E1C8E7C): 0
LogDevObjectVersion:   Dev-Physics (78F01B33-EBEA-4F98-B9B4-84EACCB95AA2): 0
LogDevObjectVersion:   Dev-Platform (6631380F-2D4D-43E0-8009-CF276956A95A): 0
LogDevObjectVersion:   Dev-Rendering (12F88B9F-8875-4AFC-A67C-D90C383ABD29): 19
LogDevObjectVersion:   Dev-Sequencer (7B5AE74C-D270-4C10-A958-57980B212A5A): 4
LogDevObjectVersion:   Dev-VR (D7296918-1DD6-4BDD-9DE2-64A83CC13884): 0
LogDevObjectVersion:   Dev-LoadTimes (C2A15278-BFE7-4AFE-6C17-90FF531DF755): 1
LogDevObjectVersion:   Private-Geometry (6EACA3D4-40EC-4CC1-B786-8BED09428FC5): 1
LogDevObjectVersion:   Dev-AnimPhys (29E575DD-E0A3-4627-9D10-D276232CDCEA): 7
LogInit: Compiled (64-bit): Sep 22 2017 13:47:16
LogInit: Compiled with Visual C++: 19.00.24215.01
LogInit: Build Configuration: Development
LogInit: Branch Name: ++UE4+Release-4.17
LogInit: Command line:  
LogInit: Base directory: E:/UE_4.17/Engine/Binaries/Win64/
LogInit: Installed Engine Build: 1
LogInit: Presizing for max 8388607 objects, including 0 objects not considered by GC, pre-allocating 0 bytes for permanent pool.
LogInit: Object subsystem initialized
[2018.04.10-09.38.18:203][  0]LogInit: Selected Device Profile: [Windows]
[2018.04.10-09.38.18:203][  0]LogInit: Applying CVar settings loaded from the selected device profile: [Windows]
[2018.04.10-09.38.18:245][  0]LogInit: Computer: ADRIAN-PC
[2018.04.10-09.38.18:245][  0]LogInit: User: Adrian
[2018.04.10-09.38.18:245][  0]LogInit: CPU Page size=4096, Cores=4
[2018.04.10-09.38.18:245][  0]LogInit: High frequency timer resolution =3.312832 MHz
[2018.04.10-09.38.18:245][  0]LogMemory: Memory total: Physical=8.0GB (8GB approx)
[2018.04.10-09.38.18:245][  0]LogMemory: Platform Memory Stats for Windows
[2018.04.10-09.38.18:245][  0]LogMemory: Process Physical Memory: 281.15 MB used, 281.15 MB peak
[2018.04.10-09.38.18:245][  0]LogMemory: Process Virtual Memory: 289.46 MB used, 289.46 MB peak
[2018.04.10-09.38.18:245][  0]LogMemory: Physical Memory: 3101.07 MB used,  5051.63 MB free, 8152.70 MB total
[2018.04.10-09.38.18:245][  0]LogMemory: Virtual Memory: 668.42 MB used,  5051.63 MB free, 8388608.00 MB total
[2018.04.10-09.38.18:949][  0]LogInit: Overriding language with editor language configuration option (en).
[2018.04.10-09.38.18:949][  0]LogInit: Overriding locale with editor locale configuration option (en).
[2018.04.10-09.38.20:913][  0]LogD3D11RHI: D3D11 adapters:
[2018.04.10-09.38.20:944][  0]LogD3D11RHI:    0. 'NVIDIA GeForce GTX 1050 Ti' (Feature Level 11_0)
[2018.04.10-09.38.20:944][  0]LogD3D11RHI:       3998/0/3820 MB DedicatedVideo/DedicatedSystem/SharedSystem, Outputs:1, VendorId:0x10de
[2018.04.10-09.38.20:944][  0]LogD3D11RHI: Chosen D3D11 Adapter: 0
[2018.04.10-09.38.20:981][  0]LogD3D11RHI: Creating new Direct3DDevice
[2018.04.10-09.38.20:981][  0]LogD3D11RHI:     GPU DeviceId: 0x1c82 (for the marketing name, search the web for "GPU Device Id")
[2018.04.10-09.38.20:981][  0]LogWindows: EnumDisplayDevices:
[2018.04.10-09.38.20:981][  0]LogWindows:    0. 'NVIDIA GeForce GTX 1050 Ti' (P:1 D:1)
[2018.04.10-09.38.20:981][  0]LogWindows:    1. 'NVIDIA GeForce GTX 1050 Ti' (P:0 D:0)
[2018.04.10-09.38.20:982][  0]LogWindows:    2. 'NVIDIA GeForce GTX 1050 Ti' (P:0 D:0)
[2018.04.10-09.38.20:982][  0]LogWindows:    3. 'NVIDIA GeForce GTX 1050 Ti' (P:0 D:0)
[2018.04.10-09.38.20:982][  0]LogWindows:    4. 'RDPDD Chained DD' (P:0 D:0)
[2018.04.10-09.38.20:982][  0]LogWindows:    5. 'RDP Encoder Mirror Driver' (P:0 D:0)
[2018.04.10-09.38.20:982][  0]LogWindows:    6. 'RDP Reflector Display Driver' (P:0 D:0)
[2018.04.10-09.38.20:982][  0]LogWindows: DebugString: GetVideoDriverDetailsInvalid PrimaryIsNotTheChoosenAdapter GetVideoDriverDetailsInvalid PrimaryIsNotTheChoosenAdapter GetVideoDriverDetailsInvalid PrimaryIsNotTheChoosenAdapter FoundDriverCount:4 
[2018.04.10-09.38.20:982][  0]LogD3D11RHI:     Adapter Name: NVIDIA GeForce GTX 1050 Ti
[2018.04.10-09.38.20:983][  0]LogD3D11RHI:   Driver Version: 391.24 (internal:23.21.13.9124, unified:391.24)
[2018.04.10-09.38.20:983][  0]LogD3D11RHI:      Driver Date: 3-15-2018
[2018.04.10-09.38.20:983][  0]LogRHI: Texture pool is 1361 MB (70% of 1945 MB)
[2018.04.10-09.38.21:001][  0]LogD3D11RHI: Async texture creation enabled
[2018.04.10-09.38.21:184][  0]LogD3D11RHI: GPU Timing Frequency: 1000.000000 (Debug: 2 2)
[2018.04.10-09.38.21:251][  0]LogShaderCompilers: Guid format shader working directory is -46 characters bigger than the processId version (../../../../Users/Adrian/Desktop/Top secret/ADRIA/Universidad/3r Grado/Diseño/RunnerGame/Game/Intermediate/Shaders/WorkingDirectory/6452/).
[2018.04.10-09.38.21:251][  0]LogShaderCompilers: Cleaned the shader compiler working directory 'C:/Users/Adrian/AppData/Local/Temp/UnrealShaderWorkingDir/BA848F9048AD8ED368E1B59AB3D14747/'.
[2018.04.10-09.38.21:253][  0]LogShaderCompilers: Display: Using Local Shader Compiler.
[2018.04.10-09.38.23:601][  0]LogTemp: Display: Loaded TP AllDesktopTargetPlatform
[2018.04.10-09.38.23:658][  0]LogTemp: Display: Loaded TP MacClientTargetPlatform
[2018.04.10-09.38.23:715][  0]LogTemp: Display: Loaded TP MacNoEditorTargetPlatform
[2018.04.10-09.38.23:771][  0]LogTemp: Display: Loaded TP MacServerTargetPlatform
[2018.04.10-09.38.23:834][  0]LogTemp: Display: Loaded TP MacTargetPlatform
[2018.04.10-09.38.23:891][  0]LogTemp: Display: Loaded TP WindowsClientTargetPlatform
[2018.04.10-09.38.23:947][  0]LogTemp: Display: Loaded TP WindowsNoEditorTargetPlatform
[2018.04.10-09.38.24:003][  0]LogTemp: Display: Loaded TP WindowsServerTargetPlatform
[2018.04.10-09.38.24:052][  0]LogTemp: Display: Loaded TP WindowsTargetPlatform
[2018.04.10-09.38.24:118][  0]LogTemp: Display: Loaded TP AndroidTargetPlatform
[2018.04.10-09.38.24:174][  0]LogTemp: Display: Loaded TP Android_ASTCTargetPlatform
[2018.04.10-09.38.24:231][  0]LogTemp: Display: Loaded TP Android_ATCTargetPlatform
[2018.04.10-09.38.24:287][  0]LogTemp: Display: Loaded TP Android_DXTTargetPlatform
[2018.04.10-09.38.24:342][  0]LogTemp: Display: Loaded TP Android_ETC1TargetPlatform
[2018.04.10-09.38.24:397][  0]LogTemp: Display: Loaded TP Android_ETC2TargetPlatform
[2018.04.10-09.38.24:508][  0]LogTemp: Display: Loaded TP Android_MultiTargetPlatform
[2018.04.10-09.38.24:508][  0]LogTemp: Display: Loaded TP Android_PVRTCTargetPlatform
[2018.04.10-09.38.24:552][  0]LogTemp: Display: Loaded TP HTML5TargetPlatform
[2018.04.10-09.38.24:690][  0]LogTemp: Display: Loaded TP IOSTargetPlatform
[2018.04.10-09.38.24:718][  0]LogTemp: Display: Loaded TP TVOSTargetPlatform
[2018.04.10-09.38.24:773][  0]LogTemp: Display: Loaded TP LinuxClientTargetPlatform
[2018.04.10-09.38.24:828][  0]LogTemp: Display: Loaded TP LinuxNoEditorTargetPlatform
[2018.04.10-09.38.24:884][  0]LogTemp: Display: Loaded TP LinuxServerTargetPlatform
[2018.04.10-09.38.24:951][  0]LogTemp: Display: Loaded TP LinuxTargetPlatform
[2018.04.10-09.38.24:951][  0]LogTargetPlatformManager: Display: Building Assets For Windows
[2018.04.10-09.38.25:851][  0]LogDerivedDataCache: Display: Max Cache Size: 512 MB
[2018.04.10-09.38.26:315][  0]LogDerivedDataCache: Loaded boot cache 0.46s 93MB C:/Users/Adrian/AppData/Local/UnrealEngine/4.17/DerivedDataCache/Boot.ddc.
[2018.04.10-09.38.26:315][  0]LogDerivedDataCache: Display: Loaded Boot cache: C:/Users/Adrian/AppData/Local/UnrealEngine/4.17/DerivedDataCache/Boot.ddc
[2018.04.10-09.38.26:315][  0]LogDerivedDataCache: FDerivedDataBackendGraph:  Pak pak cache file ../../../../Users/Adrian/Desktop/Top secret/ADRIA/Universidad/3r Grado/Diseño/RunnerGame/Game/DerivedDataCache/DDC.ddp not found, will not use a pak cache.
[2018.04.10-09.38.26:315][  0]LogDerivedDataCache: Unable to find inner node Pak for hierarchical cache Hierarchy.
[2018.04.10-09.38.26:315][  0]LogDerivedDataCache: FDerivedDataBackendGraph:  CompressedPak pak cache file ../../../../Users/Adrian/Desktop/Top secret/ADRIA/Universidad/3r Grado/Diseño/RunnerGame/Game/DerivedDataCache/Compressed.ddp not found, will not use a pak cache.
[2018.04.10-09.38.26:315][  0]LogDerivedDataCache: Unable to find inner node CompressedPak for hierarchical cache Hierarchy.
[2018.04.10-09.38.26:398][  0]LogDerivedDataCache: Display: Pak cache opened for reading ../../../Engine/DerivedDataCache/Compressed.ddp.
[2018.04.10-09.38.26:413][  0]LogDerivedDataCache: Using Local data cache path C:/Users/Adrian/AppData/Local/UnrealEngine/Common/DerivedDataCache: Writable
[2018.04.10-09.38.26:446][  0]LogMaterial: Verifying Global Shaders for PCD3D_SM5
[2018.04.10-09.38.26:475][  0]LogSlate: Using Freetype 2.6.0
[2018.04.10-09.38.26:514][  0]LogSlate: SlateFontCache - WITH_FREETYPE: 1, WITH_HARFBUZZ: 1
[2018.04.10-09.38.26:523][  0]LogSlate: SlateFontCache - WITH_FREETYPE: 1, WITH_HARFBUZZ: 1
[2018.04.10-09.38.30:281][  0]LogAssetRegistry: FAssetRegistry took 0.0277 seconds to start up
[2018.04.10-09.38.31:673][  0]LogInit: Selected Device Profile: [Windows]
[2018.04.10-09.38.31:853][  0]LogContentStreaming: Texture pool size is 0.00 MB
[2018.04.10-09.38.34:096][  0]LogSimplygon: Simplygon DLL not present - disabling.
[2018.04.10-09.38.34:152][  0]LogMeshReduction: Using SimplygonSwarm for distributed automatic mesh merging
[2018.04.10-09.38.34:152][  0]LogMeshReduction: Using QuadricMeshReduction for automatic static mesh reduction
[2018.04.10-09.38.34:152][  0]LogMeshReduction: No automatic skeletal mesh reduction module available
[2018.04.10-09.38.34:152][  0]LogMeshReduction: No automatic mesh merging module available
[2018.04.10-09.38.34:152][  0]LogMeshMerging: No automatic mesh merging module available
[2018.04.10-09.38.35:801][  0]LogNetVersion: Game , NetCL: 3573198, EngineNetVer: 2, GameNetVer: 0 (Checksum: 2957514414)
[2018.04.10-09.38.36:405][  0]LogPackageLocalizationCache: Processed 5 localized package path(s) for 1 prioritized culture(s) in 0.043244 seconds
[2018.04.10-09.38.36:413][  0]LogUObjectArray: 35825 objects as part of root set at end of initial load.
[2018.04.10-09.38.36:413][  0]LogUObjectAllocator: 7529104 out of 0 bytes used by permanent object pool.
[2018.04.10-09.38.36:413][  0]LogUObjectArray: CloseDisregardForGC: 0/0 objects in disregard for GC pool
[2018.04.10-09.38.36:476][  0]LogInit: WinSock: version 1.1 (2.2), MaxSocks=32767, MaxUdp=65467
[2018.04.10-09.38.41:913][  0]LogTcpMessaging: Initializing TcpMessaging bridge
[2018.04.10-09.38.41:960][  0]LogUdpMessaging: Initializing bridge on interface 0.0.0.0:0 to multicast group 230.0.0.1:6666.
[2018.04.10-09.38.43:154][  0]LogMaterial: Uniform references updated for custom material expression Custom.
[2018.04.10-09.38.43:727][  0]SourceControl: Source control is disabled
[2018.04.10-09.38.43:727][  0]SourceControl: Source control is disabled
[2018.04.10-09.38.43:824][  0]SourceControl: Source control is disabled
[2018.04.10-09.38.43:902][  0]SourceControl: Source control is disabled
[2018.04.10-09.38.44:771][  0]LogAndroidPermission: UAndroidPermissionCallbackProxy::GetInstance
[2018.04.10-09.38.45:059][  0]LogOcInput: OculusInput pre-init called
[2018.04.10-09.38.45:588][  0]LogEngine: Initializing Engine...
[2018.04.10-09.38.45:613][  0]LogHMD: Failed to initialize OpenVR with code 110
[2018.04.10-09.38.46:050][  0]LogStats: UGameplayTagsManager::ConstructGameplayTagTree: Construct from data asset -  0.000 s
[2018.04.10-09.38.46:050][  0]LogStats: UGameplayTagsManager::ConstructGameplayTagTree: GameplayTagTreeChangedEvent.Broadcast -  0.000 s
[2018.04.10-09.38.46:396][  0]LogAIModule: Creating AISystem for world Untitled
[2018.04.10-09.38.46:474][  0]LogInit: XAudio2 using 'Altavoces (Logitech G430 Gaming Headset)' : 2 channels at 44.1 kHz using 16 bits per sample (channel mask 0x3)
[2018.04.10-09.38.46:491][  0]LogInit: FAudioDevice initialized.
[2018.04.10-09.38.46:600][  0]LogDerivedDataCache: Saved boot cache 0.11s 93MB C:/Users/Adrian/AppData/Local/UnrealEngine/4.17/DerivedDataCache/Boot.ddc.
[2018.04.10-09.38.46:620][  0]LogInit: Texture streaming: Enabled
[2018.04.10-09.38.46:772][  0]LogEngineSessionManager: EngineSessionManager initialized
[2018.04.10-09.38.47:274][  0]LogInit: Transaction tracking system initialized
[2018.04.10-09.38.47:771][  0]BlueprintLog: New page: Editor Load
[2018.04.10-09.38.49:383][  0]LocalizationService: Localization service is disabled
[2018.04.10-09.38.50:480][  0]LogConsoleResponse: Display: 
[2018.04.10-09.38.52:086][  0]LogFileCache: Scanning file cache for directory 'E:/Users/Adrian/Desktop/Top secret/ADRIA/Universidad/3r Grado/Diseño/RunnerGame/Game/Content/' took 0.02s
[2018.04.10-09.38.52:087][  0]LogCook: Display: Max memory allowance for cook 16384mb min free memory 0mb
[2018.04.10-09.38.52:087][  0]LogCook: Display: Mobile HDR setting 1
[2018.04.10-09.38.52:130][  0]LogGameplayTags: Display: UGameplayTagsManager::DoneAddingNativeTags. DelegateIsBound: 0
[2018.04.10-09.38.54:916][  0]SourceControl: Source control is disabled
[2018.04.10-09.38.54:971][  0]Cmd: MAP LOAD FILE="../../../../Users/Adrian/Desktop/Top secret/ADRIA/Universidad/3r Grado/Diseño/RunnerGame/Game/Content/Levels/Main_Menu_Level.umap" TEMPLATE=0 SHOWPROGRESS=1 FEATURELEVEL=3
[2018.04.10-09.38.55:022][  0]LightingResults: New page: Lighting Build
[2018.04.10-09.38.55:171][  0]MapCheck: New page: Map Check
[2018.04.10-09.38.55:171][  0]LightingResults: New page: Lighting Build
[2018.04.10-09.38.56:563][  0]LogAIModule: Creating AISystem for world Main_Menu_Level
[2018.04.10-09.38.56:648][  0]LogEditorServer: Finished looking for orphan Actors (0.000 secs)
[2018.04.10-09.38.56:706][  0]Cmd: MAP CHECKDEP NOCLEARLOG
[2018.04.10-09.38.56:746][  0]MapCheck: Map check complete: 0 Error(s), 0 Warning(s), took 40.391ms to complete.
[2018.04.10-09.38.56:747][  0]LogFileHelpers: Loading map 'Main_Menu_Level' took 1.806
[2018.04.10-09.38.57:667][  0]LogCollectionManager: Loaded 0 collections in 0.002187 seconds
[2018.04.10-09.38.57:826][  0]LogFileCache: Scanning file cache for directory 'E:/Users/Adrian/Desktop/Top secret/ADRIA/Universidad/3r Grado/Diseño/RunnerGame/Game/Saved/Collections/' took 0.01s
[2018.04.10-09.38.57:826][  0]LogFileCache: Scanning file cache for directory 'E:/Users/Adrian/Desktop/Top secret/ADRIA/Universidad/3r Grado/Diseño/RunnerGame/Game/Content/Developers/Adrian/Collections/' took 0.01s
[2018.04.10-09.38.57:827][  0]LogFileCache: Scanning file cache for directory 'E:/Users/Adrian/Desktop/Top secret/ADRIA/Universidad/3r Grado/Diseño/RunnerGame/Game/Content/Collections/' took 0.01s
[2018.04.10-09.38.57:827][  0]LogCollectionManager: Rebuilt the GUID cache for 0 collections in 0.000001 seconds
[2018.04.10-09.38.57:848][  0]LogContentBrowser: Native class hierarchy populated in 0.0197 seconds. Added 2386 classes and 500 folders.
[2018.04.10-09.38.57:966][  0]LogContentBrowser: Native class hierarchy updated for 'WidgetCarousel' in 0.0009 seconds. Added 0 classes and 0 folders.
[2018.04.10-09.38.58:559][  0]LogContentBrowser: Native class hierarchy updated for 'AddContentDialog' in 0.0013 seconds. Added 0 classes and 0 folders.
[2018.04.10-09.38.58:688][  0]LogContentBrowser: Native class hierarchy updated for 'SceneOutliner' in 0.0008 seconds. Added 1 classes and 2 folders.
[2018.04.10-09.38.59:041][  0]LogSlate: Took 0.010710 seconds to synchronously load lazily loaded font '../../../Engine/Content/Slate/Fonts/Roboto-Regular.ttf' (155K)
[2018.04.10-09.38.59:048][  0]LogSlate: Took 0.001066 seconds to synchronously load lazily loaded font '../../../Engine/Content/Slate/Fonts/Roboto-Bold.ttf' (160K)
[2018.04.10-09.38.59:080][  0]LogSlate: Took 0.009971 seconds to synchronously load lazily loaded font '../../../Engine/Content/Editor/Slate/Fonts/FontAwesome.ttf' (139K)
[2018.04.10-09.38.59:533][  0]LogRenderer: Reallocating scene render targets to support 1104x576 Format 10 NumSamples 1 (Frame:1).
[2018.04.10-09.38.59:738][  0]LogSlate: Took 0.007698 seconds to synchronously load lazily loaded font '../../../Engine/Content/Slate/Fonts/Roboto-Light.ttf' (159K)
[2018.04.10-09.38.59:934][  0]LogContentBrowser: Native class hierarchy updated for 'HierarchicalLODOutliner' in 0.0008 seconds. Added 1 classes and 2 folders.
[2018.04.10-09.38.59:934][  0]LogLoad: (Engine Initialization) Total time: 52.17 seconds
[2018.04.10-09.38.59:934][  0]LogLoad: (Engine Initialization) Total Blueprint compile time: 0.00 seconds
[2018.04.10-09.38.59:935][  0]LogExternalProfiler: No external profilers were discovered.  External profiling features will not be available.
[2018.04.10-09.39.00:317][  0]LogContentStreaming: Texture pool size now 1000 MB
[2018.04.10-09.39.01:295][  3]LogSlate: Took 0.000315 seconds to synchronously load lazily loaded font '../../../Engine/Content/Slate/Fonts/Roboto-Light.ttf' (159K)
[2018.04.10-09.39.01:620][  4]LogAssetRegistry: Asset discovery search completed in 31.3589 seconds
[2018.04.10-09.39.01:623][  4]LogCollectionManager: Rebuilt the object cache for 0 collections in 0.000001 seconds (found 0 objects)
[2018.04.10-09.39.01:624][  4]LogCollectionManager: Fixed up redirectors for 0 collections in 0.000092 seconds (updated 0 objects)
[2018.04.10-09.45.30:120][173]LogSlate: Took 0.000130 seconds to synchronously load lazily loaded font '../../../Engine/Content/Slate/Fonts/Roboto-Light.ttf' (159K)
[2018.04.10-09.45.30:799][173]LogContentBrowser: Native class hierarchy updated for 'BlueprintGraph' in 0.0010 seconds. Added 113 classes and 0 folders.
[2018.04.10-09.45.31:752][173]LogSlate: Took 0.000127 seconds to synchronously load lazily loaded font '../../../Engine/Content/Slate/Fonts/Roboto-Regular.ttf' (155K)
[2018.04.10-09.45.32:236][173]LogSlate: Took 0.012892 seconds to synchronously load lazily loaded font '../../../Engine/Content/Editor/Slate/Fonts/Roboto-BoldCondensed.ttf' (158K)
[2018.04.10-09.45.32:743][174]LogSlate: Took 0.001090 seconds to synchronously load lazily loaded font '../../../Engine/Content/Editor/Slate/Fonts/Roboto-Italic.ttf' (157K)
[2018.04.10-09.45.36:246][374]LogRenderer: Reallocating scene render targets to support 1144x696 Format 10 NumSamples 1 (Frame:1).
[2018.04.10-09.45.56:918][918]LogTemp: Repeating last play command: Selected Viewport
[2018.04.10-09.45.57:105][918]LogBlueprintUserMessages: Early PlayInEditor Detection: Level '/Game/Levels/Main_Menu_Level.Main_Menu_Level:PersistentLevel' has LevelScriptBlueprint '/Game/Levels/Main_Menu_Level.Main_Menu_Level:PersistentLevel.Main_Menu_Level' with GeneratedClass '/Game/Levels/Main_Menu_Level.Main_Menu_Level_C' with ClassGeneratedBy '/Game/Levels/Main_Menu_Level.Main_Menu_Level:PersistentLevel.Main_Menu_Level'
[2018.04.10-09.45.57:105][918]BlueprintLog: New page: Pre-Play auto-recompile
[2018.04.10-09.45.57:116][918]LogPlayLevel: [PlayLevel] Compiling ObjectFloorPresent1 before play...
[2018.04.10-09.45.57:438][918]LogPlayLevel: PlayLevel: Blueprint regeneration took 333 ms (1 blueprints)
[2018.04.10-09.45.57:458][918]PIE: New page: PIE session: Main_Menu_Level (Apr 10, 2018, 1:45:57 PM)
[2018.04.10-09.45.57:462][918]LogPlayLevel: Creating play world package: /Game/Levels/UEDPIE_0_Main_Menu_Level
[2018.04.10-09.45.57:474][918]LogPlayLevel: PIE: StaticDuplicateObject took: (0.011399s)
[2018.04.10-09.45.57:474][918]LogAIModule: Creating AISystem for world Main_Menu_Level
[2018.04.10-09.45.57:474][918]LogPlayLevel: PIE: World Init took: (0.000631s)
[2018.04.10-09.45.57:475][918]LogPlayLevel: PIE: Created PIE world by copying editor world from /Game/Levels/Main_Menu_Level.Main_Menu_Level to /Game/Levels/UEDPIE_0_Main_Menu_Level.Main_Menu_Level (0.012565s)
[2018.04.10-09.45.57:499][918]LogInit: XAudio2 using 'Altavoces (Logitech G430 Gaming Headset)' : 2 channels at 44.1 kHz using 16 bits per sample (channel mask 0x3)
[2018.04.10-09.45.57:508][918]LogInit: FAudioDevice initialized.
[2018.04.10-09.45.57:581][918]LogLoad: Game class is '2DSideScrollerGameMode_C'
[2018.04.10-09.45.57:602][918]LogWorld: Bringing World /Game/Levels/UEDPIE_0_Main_Menu_Level.Main_Menu_Level up for play (max tick rate 0) at 2018.04.10-11.45.57
[2018.04.10-09.45.57:613][918]LogWorld: Bringing up level for play took: 0.011907
[2018.04.10-09.45.57:695][918]LogContentBrowser: Native class hierarchy updated for 'MovieSceneCapture' in 0.0008 seconds. Added 11 classes and 0 folders.
[2018.04.10-09.45.57:745][918]PIE: Play in editor start time for /Game/Levels/UEDPIE_0_Main_Menu_Level 0.907
[2018.04.10-09.45.57:746][918]LogBlueprintUserMessages: Late PlayInEditor Detection: Level '/Game/Levels/Main_Menu_Level.Main_Menu_Level:PersistentLevel' has LevelScriptBlueprint '/Game/Levels/Main_Menu_Level.Main_Menu_Level:PersistentLevel.Main_Menu_Level' with GeneratedClass '/Game/Levels/Main_Menu_Level.Main_Menu_Level_C' with ClassGeneratedBy '/Game/Levels/Main_Menu_Level.Main_Menu_Level:PersistentLevel.Main_Menu_Level'
[2018.04.10-09.45.58:686][ 21]LogNet: Browse: /Game/Levels/Level1
[2018.04.10-09.45.58:686][ 21]LogLoad: LoadMap: /Game/Levels/Level1
[2018.04.10-09.45.58:706][ 21]Cmd: MEM
[2018.04.10-09.45.58:742][ 21]LogMemory: Platform Memory Stats for Windows
[2018.04.10-09.45.58:742][ 21]LogMemory: Process Physical Memory: 1298.09 MB used, 1301.59 MB peak
[2018.04.10-09.45.58:742][ 21]LogMemory: Process Virtual Memory: 2157.53 MB used, 2161.54 MB peak
[2018.04.10-09.45.58:742][ 21]LogMemory: Physical Memory: 4931.05 MB used,  3221.65 MB free, 8152.70 MB total
[2018.04.10-09.45.58:742][ 21]LogMemory: Virtual Memory: 2854.16 MB used,  3221.65 MB free, 8388608.00 MB total
[2018.04.10-09.45.58:742][ 21]LogMemory: 
[2018.04.10-09.45.58:742][ 21]Allocator Stats for TBB: (not implemented)
[2018.04.10-09.45.59:709][ 21]LogPackageName: Error: DoesPackageExist: DoesPackageExist FAILED: '/Game/Enemies/Drone_2/Air_Drone_fbx_propller 1_Skeleton' is not a standard unreal filename or a long path name. Reason: Name may not contain the following characters: ' '
[2018.04.10-09.45.59:709][ 21]LogLinker: Warning: Can't find file '/Game/Enemies/Drone_2/Air_Drone_fbx_propller 1_Skeleton'
[2018.04.10-09.45.59:709][ 21]LogPackageName: Error: DoesPackageExist: DoesPackageExist FAILED: '/Game/Enemies/Drone_2/Air_Drone_fbx_propller 1_Skeleton' is not a standard unreal filename or a long path name. Reason: Name may not contain the following characters: ' '
[2018.04.10-09.45.59:710][ 21]LogLinker: Warning: Can't find file for asset '/Game/Enemies/Drone_2/Air_Drone_fbx_propller 1_Skeleton' while loading ../../../../Users/Adrian/Desktop/Top secret/ADRIA/Universidad/3r Grado/Diseño/RunnerGame/Game/Content/Enemies/Drone_2/Air_Drone_fbx.uasset.
[2018.04.10-09.45.59:710][ 21]LoadErrors: Error: /Game/Enemies/Drone_2/Air_Drone_fbx : Can't find file for asset. /Game/Enemies/Drone_2/Air_Drone_fbx_propller 1_Skeleton
[2018.04.10-09.45.59:710][ 21]LogPackageName: Error: DoesPackageExist: DoesPackageExist FAILED: '/Game/Enemies/Drone_2/Air_Drone_fbx_Propllier 2_Skeleton' is not a standard unreal filename or a long path name. Reason: Name may not contain the following characters: ' '
[2018.04.10-09.45.59:710][ 21]LogLinker: Warning: Can't find file '/Game/Enemies/Drone_2/Air_Drone_fbx_Propllier 2_Skeleton'
[2018.04.10-09.45.59:710][ 21]LogPackageName: Error: DoesPackageExist: DoesPackageExist FAILED: '/Game/Enemies/Drone_2/Air_Drone_fbx_Propllier 2_Skeleton' is not a standard unreal filename or a long path name. Reason: Name may not contain the following characters: ' '
[2018.04.10-09.45.59:710][ 21]LogLinker: Warning: Can't find file for asset '/Game/Enemies/Drone_2/Air_Drone_fbx_Propllier 2_Skeleton' while loading ../../../../Users/Adrian/Desktop/Top secret/ADRIA/Universidad/3r Grado/Diseño/RunnerGame/Game/Content/Enemies/Drone_2/Air_Drone_fbx.uasset.
[2018.04.10-09.45.59:710][ 21]LoadErrors: Error: /Game/Enemies/Drone_2/Air_Drone_fbx : Can't find file for asset. /Game/Enemies/Drone_2/Air_Drone_fbx_Propllier 2_Skeleton
[2018.04.10-09.45.59:740][ 21]LogPackageName: Error: DoesPackageExist: DoesPackageExist FAILED: '/Game/Enemies/Drone_2/Air_Drone_fbx_propller 1_Skeleton' is not a standard unreal filename or a long path name. Reason: Name may not contain the following characters: ' '
[2018.04.10-09.45.59:740][ 21]LogLinker: Warning: Can't find file '/Game/Enemies/Drone_2/Air_Drone_fbx_propller 1_Skeleton'
[2018.04.10-09.45.59:740][ 21]LogPackageName: Error: DoesPackageExist: DoesPackageExist FAILED: '/Game/Enemies/Drone_2/Air_Drone_fbx_propller 1_Skeleton' is not a standard unreal filename or a long path name. Reason: Name may not contain the following characters: ' '
[2018.04.10-09.45.59:740][ 21]LogLinker: Warning: Can't find file for asset '/Game/Enemies/Drone_2/Air_Drone_fbx_propller 1_Skeleton' while loading ../../../../Users/Adrian/Desktop/Top secret/ADRIA/Universidad/3r Grado/Diseño/RunnerGame/Game/Content/Enemies/Drone_2/Air_Drone_fbx.uasset.
[2018.04.10-09.45.59:740][ 21]LogPackageName: Error: DoesPackageExist: DoesPackageExist FAILED: '/Game/Enemies/Drone_2/Air_Drone_fbx_Propllier 2_Skeleton' is not a standard unreal filename or a long path name. Reason: Name may not contain the following characters: ' '
[2018.04.10-09.45.59:741][ 21]LogLinker: Warning: Can't find file '/Game/Enemies/Drone_2/Air_Drone_fbx_Propllier 2_Skeleton'
[2018.04.10-09.45.59:741][ 21]LogPackageName: Error: DoesPackageExist: DoesPackageExist FAILED: '/Game/Enemies/Drone_2/Air_Drone_fbx_Propllier 2_Skeleton' is not a standard unreal filename or a long path name. Reason: Name may not contain the following characters: ' '
[2018.04.10-09.45.59:741][ 21]LogLinker: Warning: Can't find file for asset '/Game/Enemies/Drone_2/Air_Drone_fbx_Propllier 2_Skeleton' while loading ../../../../Users/Adrian/Desktop/Top secret/ADRIA/Universidad/3r Grado/Diseño/RunnerGame/Game/Content/Enemies/Drone_2/Air_Drone_fbx.uasset.
[2018.04.10-09.46.00:661][ 21]LogPackageName: Error: DoesPackageExist: DoesPackageExist FAILED: '/Game/Enemies/Drone_2/Air_Drone_fbx_propller 1_Skeleton' is not a standard unreal filename or a long path name. Reason: Name may not contain the following characters: ' '
[2018.04.10-09.46.00:661][ 21]LogLinker: Warning: Can't find file '/Game/Enemies/Drone_2/Air_Drone_fbx_propller 1_Skeleton'
[2018.04.10-09.46.00:661][ 21]LoadErrors: Failed to load /Game/Enemies/Drone_2/Air_Drone_fbx_propller 1_Skeleton.Air_Drone_fbx_propller 1_Skeleton Referenced by Air_Drone_fbx_propller 1
[2018.04.10-09.46.00:661][ 21]LogPackageName: Error: DoesPackageExist: DoesPackageExist FAILED: '/Game/Enemies/Drone_2/Air_Drone_fbx_propller 1_Skeleton' is not a standard unreal filename or a long path name. Reason: Name may not contain the following characters: ' '
[2018.04.10-09.46.00:661][ 21]LogLinker: Warning: Can't find file for asset '/Game/Enemies/Drone_2/Air_Drone_fbx_propller 1_Skeleton' while loading NULL.
[2018.04.10-09.46.00:662][ 21]LogPackageName: Error: DoesPackageExist: DoesPackageExist FAILED: '/Game/Enemies/Drone_2/Air_Drone_fbx_Propllier 2_Skeleton' is not a standard unreal filename or a long path name. Reason: Name may not contain the following characters: ' '
[2018.04.10-09.46.00:662][ 21]LogLinker: Warning: Can't find file '/Game/Enemies/Drone_2/Air_Drone_fbx_Propllier 2_Skeleton'
[2018.04.10-09.46.00:662][ 21]LoadErrors: Failed to load /Game/Enemies/Drone_2/Air_Drone_fbx_Propllier 2_Skeleton.Air_Drone_fbx_Propllier 2_Skeleton Referenced by Air_Drone_fbx_Propllier 2
[2018.04.10-09.46.00:662][ 21]LogPackageName: Error: DoesPackageExist: DoesPackageExist FAILED: '/Game/Enemies/Drone_2/Air_Drone_fbx_Propllier 2_Skeleton' is not a standard unreal filename or a long path name. Reason: Name may not contain the following characters: ' '
[2018.04.10-09.46.00:662][ 21]LogLinker: Warning: Can't find file for asset '/Game/Enemies/Drone_2/Air_Drone_fbx_Propllier 2_Skeleton' while loading NULL.
[2018.04.10-09.46.02:726][ 21]LogAIModule: Creating AISystem for world Level1
[2018.04.10-09.46.02:726][ 21]LogLoad: Game class is '2DSideScrollerGameMode_C'
[2018.04.10-09.46.02:871][ 21]LogWorld: Bringing World /Game/Levels/UEDPIE_0_Level1.Level1 up for play (max tick rate 0) at 2018.04.10-11.46.02
[2018.04.10-09.46.02:892][ 21]LogWorld: Bringing up level for play took: 0.164613
[2018.04.10-09.46.02:895][ 21]LogLoad: Took 4.207806 seconds to LoadMap(/Game/Levels/Level1)
[2018.04.10-09.46.24:995][644]LogNet: Browse: /Game/Levels/Level_Completed_Level
[2018.04.10-09.46.24:996][644]LogLoad: LoadMap: /Game/Levels/Level_Completed_Level
[2018.04.10-09.46.25:022][644]Cmd: MEM
[2018.04.10-09.46.25:038][644]LogMemory: Platform Memory Stats for Windows
[2018.04.10-09.46.25:038][644]LogMemory: Process Physical Memory: 1674.61 MB used, 1744.60 MB peak
[2018.04.10-09.46.25:038][644]LogMemory: Process Virtual Memory: 3104.43 MB used, 3182.57 MB peak
[2018.04.10-09.46.25:038][644]LogMemory: Physical Memory: 5258.24 MB used,  2894.46 MB free, 8152.70 MB total
[2018.04.10-09.46.25:038][644]LogMemory: Virtual Memory: 3812.54 MB used,  2894.46 MB free, 8388608.00 MB total
[2018.04.10-09.46.25:038][644]LogMemory: 
[2018.04.10-09.46.25:038][644]Allocator Stats for TBB: (not implemented)
[2018.04.10-09.46.25:110][644]LogAIModule: Creating AISystem for world Level_Completed_Level
[2018.04.10-09.46.25:111][644]LogLoad: Game class is '2DSideScrollerGameMode_C'
[2018.04.10-09.46.25:113][644]LogWorld: Bringing World /Game/Levels/UEDPIE_0_Level_Completed_Level.Level_Completed_Level up for play (max tick rate 0) at 2018.04.10-11.46.25
[2018.04.10-09.46.25:113][644]LogWorld: Bringing up level for play took: 0.001149
[2018.04.10-09.46.25:113][644]LogGameMode: FindPlayerStart: PATHS NOT DEFINED or NO PLAYERSTART with positive rating
[2018.04.10-09.46.25:115][644]LogLoad: Took 0.119713 seconds to LoadMap(/Game/Levels/Level_Completed_Level)
[2018.04.10-09.46.25:469][684]LogBlueprintUserMessages: Early EndPlayMap Detection: Level '/Game/Levels/Main_Menu_Level.Main_Menu_Level:PersistentLevel' has LevelScriptBlueprint '/Game/Levels/Main_Menu_Level.Main_Menu_Level:PersistentLevel.Main_Menu_Level' with GeneratedClass '/Game/Levels/Main_Menu_Level.Main_Menu_Level_C' with ClassGeneratedBy '/Game/Levels/Main_Menu_Level.Main_Menu_Level:PersistentLevel.Main_Menu_Level'
[2018.04.10-09.46.25:504][684]LogBlueprintUserMessages: Late EndPlayMap Detection: Level '/Game/Levels/Main_Menu_Level.Main_Menu_Level:PersistentLevel' has LevelScriptBlueprint '/Game/Levels/Main_Menu_Level.Main_Menu_Level:PersistentLevel.Main_Menu_Level' with GeneratedClass '/Game/Levels/Main_Menu_Level.Main_Menu_Level_C' with ClassGeneratedBy '/Game/Levels/Main_Menu_Level.Main_Menu_Level:PersistentLevel.Main_Menu_Level'
[2018.04.10-09.47.28:136][431]LogSavePackage: Save=111.01ms
[2018.04.10-09.47.28:136][431]LogSavePackage: Moving '../../../../Users/Adrian/Desktop/Top secret/ADRIA/Universidad/3r Grado/Diseño/RunnerGame/Game/Saved/ObjectFloorPresent1089F460D4133485E350F658375517D12.tmp' to '../../../../Users/Adrian/Desktop/Top secret/ADRIA/Universidad/3r Grado/Diseño/RunnerGame/Game/Content/Enemies/ObjectFloorPresent1.uasset'
[2018.04.10-09.47.28:158][431]LogSavePackage: Display: Finished SavePackage ../../../../Users/Adrian/Desktop/Top secret/ADRIA/Universidad/3r Grado/Diseño/RunnerGame/Game/Content/Enemies/ObjectFloorPresent1.uasset
[2018.04.10-09.49.24:052][740]LogFactory: FactoryCreateFile: Texture with ReimportTextureFactory (0 0 C:\Users\Adrian\Desktop\Long_Spike_Row.png)
[2018.04.10-09.49.24:066][740]LogTexture: Display: Building textures: Long_Spike_Row (BGRA8, 609X127)
[2018.04.10-09.49.26:983][ 27]LogMaterial: Missing cached shader map for material Long_Spike_Row_Mat, compiling. 
[2018.04.10-09.49.57:131][ 71]LogEditorTransaction: Undo Modify Component(s)
[2018.04.10-09.49.57:538][104]LogEditorTransaction: Undo Modify Component(s)
[2018.04.10-09.49.57:839][129]LogEditorTransaction: Undo Modify Component(s)
[2018.04.10-09.49.58:113][153]LogEditorTransaction: Undo Modify Component(s)
[2018.04.10-09.49.58:398][178]LogEditorTransaction: Undo Modify Component(s)
[2018.04.10-09.49.58:676][202]LogEditorTransaction: Undo Modify Component(s)
[2018.04.10-09.50.00:307][347]LogEditorTransaction: Undo Replace component used material
[2018.04.10-09.50.30:778][500]LogFileHelpers: Editor autosave (incl. sublevels) for '/Game/Levels/Main_Menu_Level' took 0.034
[2018.04.10-09.50.30:780][500]OBJ SavePackage: Generating thumbnails for [1] asset(s) in package [/Game/Enemies/ObjectFloorPresent1] ([1] browsable assets)...
[2018.04.10-09.50.30:811][500]OBJ SavePackage:     Rendered thumbnail for [Blueprint /Game/Enemies/ObjectFloorPresent1.ObjectFloorPresent1]
[2018.04.10-09.50.30:811][500]OBJ SavePackage: Finished generating thumbnails for package [/Game/Enemies/ObjectFloorPresent1]
[2018.04.10-09.50.30:877][500]LogSavePackage: Save=57.10ms
[2018.04.10-09.50.30:877][500]LogSavePackage: Moving '../../../../Users/Adrian/Desktop/Top secret/ADRIA/Universidad/3r Grado/Diseño/RunnerGame/Game/Saved/ObjectFloorPresent1_Auto159173006419EF2C5A418E794C334ECD7.tmp' to '../../../../Users/Adrian/Desktop/Top secret/ADRIA/Universidad/3r Grado/Diseño/RunnerGame/Game/Saved/Autosaves/Game/Enemies/ObjectFloorPresent1_Auto1.uasset'
[2018.04.10-09.50.30:879][500]LogSavePackage: Display: Finished SavePackage ../../../../Users/Adrian/Desktop/Top secret/ADRIA/Universidad/3r Grado/Diseño/RunnerGame/Game/Saved/Autosaves/Game/Enemies/ObjectFloorPresent1_Auto1.uasset
[2018.04.10-09.50.30:880][500]OBJ SavePackage: Generating thumbnails for [1] asset(s) in package [/Game/Enemies/Spike/Long_Spike_Row_Mat] ([1] browsable assets)...
[2018.04.10-09.50.30:910][500]OBJ SavePackage:     Rendered thumbnail for [Material /Game/Enemies/Spike/Long_Spike_Row_Mat.Long_Spike_Row_Mat]
[2018.04.10-09.50.30:910][500]OBJ SavePackage: Finished generating thumbnails for package [/Game/Enemies/Spike/Long_Spike_Row_Mat]
[2018.04.10-09.50.30:924][500]LogSavePackage: Save=11.93ms
[2018.04.10-09.50.30:924][500]LogSavePackage: Moving '../../../../Users/Adrian/Desktop/Top secret/ADRIA/Universidad/3r Grado/Diseño/RunnerGame/Game/Saved/Long_Spike_Row_Mat_Auto17CE6734346637C9A4884BA913824BAB0.tmp' to '../../../../Users/Adrian/Desktop/Top secret/ADRIA/Universidad/3r Grado/Diseño/RunnerGame/Game/Saved/Autosaves/Game/Enemies/Spike/Long_Spike_Row_Mat_Auto1.uasset'
[2018.04.10-09.50.30:926][500]LogSavePackage: Display: Finished SavePackage ../../../../Users/Adrian/Desktop/Top secret/ADRIA/Universidad/3r Grado/Diseño/RunnerGame/Game/Saved/Autosaves/Game/Enemies/Spike/Long_Spike_Row_Mat_Auto1.uasset
[2018.04.10-09.50.30:927][500]OBJ SavePackage: Generating thumbnails for [1] asset(s) in package [/Game/Enemies/Spike/Long_Spike_Row] ([1] browsable assets)...
[2018.04.10-09.50.30:930][500]OBJ SavePackage:     Rendered thumbnail for [Texture2D /Game/Enemies/Spike/Long_Spike_Row.Long_Spike_Row]
[2018.04.10-09.50.30:930][500]OBJ SavePackage: Finished generating thumbnails for package [/Game/Enemies/Spike/Long_Spike_Row]
[2018.04.10-09.50.30:934][500]LogSavePackage: Save=2.87ms
[2018.04.10-09.50.30:934][500]LogSavePackage: Moving '../../../../Users/Adrian/Desktop/Top secret/ADRIA/Universidad/3r Grado/Diseño/RunnerGame/Game/Saved/Long_Spike_Row_Auto167C57D4B4E2A5960904AF2A85DEA4FCA.tmp' to '../../../../Users/Adrian/Desktop/Top secret/ADRIA/Universidad/3r Grado/Diseño/RunnerGame/Game/Saved/Autosaves/Game/Enemies/Spike/Long_Spike_Row_Auto1.uasset'
[2018.04.10-09.50.30:936][500]LogSavePackage: Display: Finished SavePackage ../../../../Users/Adrian/Desktop/Top secret/ADRIA/Universidad/3r Grado/Diseño/RunnerGame/Game/Saved/Autosaves/Game/Enemies/Spike/Long_Spike_Row_Auto1.uasset
[2018.04.10-09.50.30:936][500]LogFileHelpers: Auto-saving content packages took 0.157
[2018.04.10-10.00.14:610][819]LogContentBrowser: Native class hierarchy updated for 'MaterialEditor' in 0.0008 seconds. Added 1 classes and 0 folders.
[2018.04.10-10.00.14:622][819]LogMaterial: Missing cached shader map for material Long_Spike_Row_Mat, compiling. 
[2018.04.10-10.00.14:753][819]LogMaterial: Missing cached shader map for material Long_Spike_Row_Mat, compiling. 
[2018.04.10-10.00.14:774][819]LogMaterial: Missing cached shader map for material Long_Spike_Row_Mat, compiling. 
[2018.04.10-10.00.14:814][819]LogMaterial: Missing cached shader map for material FMatExpressionPreview MaterialExpressionTextureSample_0, compiling. 
[2018.04.10-10.00.16:093][920]MaterialEditorStats: Base pass shader: 81 instructions
[2018.04.10-10.00.16:093][920]MaterialEditorStats: Vertex shader: 31 instructions
[2018.04.10-10.00.16:093][920]MaterialEditorStats: Texture samplers: 2/16
[2018.04.10-10.00.16:093][920]MaterialEditorStats: User interpolators: 2/4 Scalars (1/4 Vectors) (TexCoords: 2, Custom: 0)
[2018.04.10-10.00.49:974][278]LogFactory: FactoryCreateFile: Texture with ReimportTextureFactory (0 0 C:\Users\Adrian\Desktop\download.jpg)
[2018.04.10-10.00.49:990][278]LogTexture: Display: Building textures: download (BGRA8, 276X183)
[2018.04.10-10.00.53:302][556]LogMaterial: Missing cached shader map for material download_Mat, compiling. 
[2018.04.10-10.01.03:268][576]LogEditorTransaction: Undo Modify Component(s)
[2018.04.10-10.01.03:282][576]LogMaterial: Missing cached shader map for material Long_Spike_Row_Mat, compiling. 
[2018.04.10-10.01.04:289][642]MaterialEditorStats: Base pass shader: 81 instructions
[2018.04.10-10.01.04:289][642]MaterialEditorStats: Vertex shader: 31 instructions
[2018.04.10-10.01.04:289][642]MaterialEditorStats: Texture samplers: 2/16
[2018.04.10-10.01.04:289][642]MaterialEditorStats: User interpolators: 2/4 Scalars (1/4 Vectors) (TexCoords: 2, Custom: 0)
[2018.04.10-10.01.33:525][912]LogFileHelpers: Editor autosave (incl. sublevels) for '/Game/Levels/Main_Menu_Level' took 0.018
[2018.04.10-10.01.33:528][912]OBJ SavePackage: Generating thumbnails for [1] asset(s) in package [/Game/Enemies/ObjectFloorPresent1] ([1] browsable assets)...
[2018.04.10-10.01.33:558][912]OBJ SavePackage:     Rendered thumbnail for [Blueprint /Game/Enemies/ObjectFloorPresent1.ObjectFloorPresent1]
[2018.04.10-10.01.33:558][912]OBJ SavePackage: Finished generating thumbnails for package [/Game/Enemies/ObjectFloorPresent1]
[2018.04.10-10.01.33:635][912]LogSavePackage: Save=67.15ms
[2018.04.10-10.01.33:635][912]LogSavePackage: Moving '../../../../Users/Adrian/Desktop/Top secret/ADRIA/Universidad/3r Grado/Diseño/RunnerGame/Game/Saved/ObjectFloorPresent1_Auto2DF73DFA84C7E208ACC0977BCF9BB3B8D.tmp' to '../../../../Users/Adrian/Desktop/Top secret/ADRIA/Universidad/3r Grado/Diseño/RunnerGame/Game/Saved/Autosaves/Game/Enemies/ObjectFloorPresent1_Auto2.uasset'
[2018.04.10-10.01.33:637][912]LogSavePackage: Display: Finished SavePackage ../../../../Users/Adrian/Desktop/Top secret/ADRIA/Universidad/3r Grado/Diseño/RunnerGame/Game/Saved/Autosaves/Game/Enemies/ObjectFloorPresent1_Auto2.uasset
[2018.04.10-10.01.33:638][912]OBJ SavePackage: Generating thumbnails for [1] asset(s) in package [/Game/Enemies/Spike/download] ([1] browsable assets)...
[2018.04.10-10.01.33:643][912]OBJ SavePackage:     Rendered thumbnail for [Texture2D /Game/Enemies/Spike/download.download]
[2018.04.10-10.01.33:643][912]OBJ SavePackage: Finished generating thumbnails for package [/Game/Enemies/Spike/download]
[2018.04.10-10.01.33:652][912]LogSavePackage: Save=7.77ms
[2018.04.10-10.01.33:652][912]LogSavePackage: Moving '../../../../Users/Adrian/Desktop/Top secret/ADRIA/Universidad/3r Grado/Diseño/RunnerGame/Game/Saved/download_Auto28D4FF8814A9EFDCD901508B5B33EB86F.tmp' to '../../../../Users/Adrian/Desktop/Top secret/ADRIA/Universidad/3r Grado/Diseño/RunnerGame/Game/Saved/Autosaves/Game/Enemies/Spike/download_Auto2.uasset'
[2018.04.10-10.01.33:654][912]LogSavePackage: Display: Finished SavePackage ../../../../Users/Adrian/Desktop/Top secret/ADRIA/Universidad/3r Grado/Diseño/RunnerGame/Game/Saved/Autosaves/Game/Enemies/Spike/download_Auto2.uasset
[2018.04.10-10.01.33:655][912]OBJ SavePackage: Generating thumbnails for [1] asset(s) in package [/Game/Enemies/Spike/download_Mat] ([1] browsable assets)...
[2018.04.10-10.01.33:686][912]OBJ SavePackage:     Rendered thumbnail for [Material /Game/Enemies/Spike/download_Mat.download_Mat]
[2018.04.10-10.01.33:686][912]OBJ SavePackage: Finished generating thumbnails for package [/Game/Enemies/Spike/download_Mat]
[2018.04.10-10.01.33:701][912]LogSavePackage: Save=12.79ms
[2018.04.10-10.01.33:701][912]LogSavePackage: Moving '../../../../Users/Adrian/Desktop/Top secret/ADRIA/Universidad/3r Grado/Diseño/RunnerGame/Game/Saved/download_Mat_Auto21D281B914672B42A6BDA499ECDABF068.tmp' to '../../../../Users/Adrian/Desktop/Top secret/ADRIA/Universidad/3r Grado/Diseño/RunnerGame/Game/Saved/Autosaves/Game/Enemies/Spike/download_Mat_Auto2.uasset'
[2018.04.10-10.01.33:702][912]LogSavePackage: Display: Finished SavePackage ../../../../Users/Adrian/Desktop/Top secret/ADRIA/Universidad/3r Grado/Diseño/RunnerGame/Game/Saved/Autosaves/Game/Enemies/Spike/download_Mat_Auto2.uasset
[2018.04.10-10.01.33:703][912]LogFileHelpers: Auto-saving content packages took 0.177
[2018.04.10-10.11.34:409][692]LogFileHelpers: Editor autosave (incl. sublevels) for '/Game/Levels/Main_Menu_Level' took 0.019
[2018.04.10-10.11.34:411][692]OBJ SavePackage: Generating thumbnails for [1] asset(s) in package [/Game/Enemies/ObjectFloorPresent1] ([1] browsable assets)...
[2018.04.10-10.11.34:442][692]OBJ SavePackage:     Rendered thumbnail for [Blueprint /Game/Enemies/ObjectFloorPresent1.ObjectFloorPresent1]
[2018.04.10-10.11.34:442][692]OBJ SavePackage: Finished generating thumbnails for package [/Game/Enemies/ObjectFloorPresent1]
[2018.04.10-10.11.34:515][692]LogSavePackage: Save=62.56ms
[2018.04.10-10.11.34:515][692]LogSavePackage: Moving '../../../../Users/Adrian/Desktop/Top secret/ADRIA/Universidad/3r Grado/Diseño/RunnerGame/Game/Saved/ObjectFloorPresent1_Auto3335DA7DB4560BEF663E4E7B5C92B79D4.tmp' to '../../../../Users/Adrian/Desktop/Top secret/ADRIA/Universidad/3r Grado/Diseño/RunnerGame/Game/Saved/Autosaves/Game/Enemies/ObjectFloorPresent1_Auto3.uasset'
[2018.04.10-10.11.34:517][692]LogSavePackage: Display: Finished SavePackage ../../../../Users/Adrian/Desktop/Top secret/ADRIA/Universidad/3r Grado/Diseño/RunnerGame/Game/Saved/Autosaves/Game/Enemies/ObjectFloorPresent1_Auto3.uasset
[2018.04.10-10.11.34:517][692]LogFileHelpers: Auto-saving content packages took 0.107
[2018.04.10-10.12.22:967][614]LogFactory: FactoryCreateFile: Texture with ReimportTextureFactory (0 0 C:\Users\Adrian\Desktop\significado-del-color-naranja.jpg)
[2018.04.10-10.12.22:973][614]LogTexture: Display: Building textures: significado-del-color-naranja (AutoDXT, 640X380)
[2018.04.10-10.12.32:294][ 19]LogMaterial: Missing cached shader map for material significado-del-color-naranja_Mat, compiling. 
[2018.04.10-10.16.27:275][539]LogTemp: Repeating last play command: Selected Viewport
[2018.04.10-10.16.27:302][539]LogBlueprintUserMessages: Early PlayInEditor Detection: Level '/Game/Levels/Main_Menu_Level.Main_Menu_Level:PersistentLevel' has LevelScriptBlueprint '/Game/Levels/Main_Menu_Level.Main_Menu_Level:PersistentLevel.Main_Menu_Level' with GeneratedClass '/Game/Levels/Main_Menu_Level.Main_Menu_Level_C' with ClassGeneratedBy '/Game/Levels/Main_Menu_Level.Main_Menu_Level:PersistentLevel.Main_Menu_Level'
[2018.04.10-10.16.27:302][539]BlueprintLog: New page: Pre-Play auto-recompile
[2018.04.10-10.16.27:311][539]LogPlayLevel: [PlayLevel] Compiling ObjectFloorPresent1 before play...
[2018.04.10-10.16.27:679][539]LogPlayLevel: [PlayLevel] Compiling ObjectFloorPast before play...
[2018.04.10-10.16.27:977][539]LogPlayLevel: PlayLevel: Blueprint regeneration took 675 ms (2 blueprints)
[2018.04.10-10.16.27:978][539]PIE: New page: PIE session: Main_Menu_Level (Apr 10, 2018, 2:16:27 PM)
[2018.04.10-10.16.27:979][539]LogPlayLevel: Creating play world package: /Game/Levels/UEDPIE_0_Main_Menu_Level
[2018.04.10-10.16.27:980][539]LogPlayLevel: PIE: StaticDuplicateObject took: (0.001055s)
[2018.04.10-10.16.27:981][539]LogAIModule: Creating AISystem for world Main_Menu_Level
[2018.04.10-10.16.27:981][539]LogPlayLevel: PIE: World Init took: (0.000623s)
[2018.04.10-10.16.27:981][539]LogPlayLevel: PIE: Created PIE world by copying editor world from /Game/Levels/Main_Menu_Level.Main_Menu_Level to /Game/Levels/UEDPIE_0_Main_Menu_Level.Main_Menu_Level (0.001943s)
[2018.04.10-10.16.28:005][539]LogInit: XAudio2 using 'Altavoces (Logitech G430 Gaming Headset)' : 2 channels at 44.1 kHz using 16 bits per sample (channel mask 0x3)
[2018.04.10-10.16.28:013][539]LogInit: FAudioDevice initialized.
[2018.04.10-10.16.28:045][539]LogLoad: Game class is '2DSideScrollerGameMode_C'
[2018.04.10-10.16.28:047][539]LogWorld: Bringing World /Game/Levels/UEDPIE_0_Main_Menu_Level.Main_Menu_Level up for play (max tick rate 0) at 2018.04.10-12.16.28
[2018.04.10-10.16.28:048][539]LogWorld: Bringing up level for play took: 0.001300
[2018.04.10-10.16.28:053][539]PIE: Play in editor start time for /Game/Levels/UEDPIE_0_Main_Menu_Level 1.19
[2018.04.10-10.16.28:053][539]LogBlueprintUserMessages: Late PlayInEditor Detection: Level '/Game/Levels/Main_Menu_Level.Main_Menu_Level:PersistentLevel' has LevelScriptBlueprint '/Game/Levels/Main_Menu_Level.Main_Menu_Level:PersistentLevel.Main_Menu_Level' with GeneratedClass '/Game/Levels/Main_Menu_Level.Main_Menu_Level_C' with ClassGeneratedBy '/Game/Levels/Main_Menu_Level.Main_Menu_Level:PersistentLevel.Main_Menu_Level'
[2018.04.10-10.16.29:842][746]LogNet: Browse: /Game/Levels/Level1
[2018.04.10-10.16.29:842][746]LogLoad: LoadMap: /Game/Levels/Level1
[2018.04.10-10.16.29:860][746]Cmd: MEM
[2018.04.10-10.16.29:876][746]LogMemory: Platform Memory Stats for Windows
[2018.04.10-10.16.29:876][746]LogMemory: Process Physical Memory: 1814.86 MB used, 1823.39 MB peak
[2018.04.10-10.16.29:876][746]LogMemory: Process Virtual Memory: 3314.05 MB used, 3321.93 MB peak
[2018.04.10-10.16.29:876][746]LogMemory: Physical Memory: 5573.57 MB used,  2579.13 MB free, 8152.70 MB total
[2018.04.10-10.16.29:876][746]LogMemory: Virtual Memory: 4029.41 MB used,  2579.13 MB free, 8388608.00 MB total
[2018.04.10-10.16.29:876][746]LogMemory: 
[2018.04.10-10.16.29:876][746]Allocator Stats for TBB: (not implemented)
[2018.04.10-10.16.30:020][746]LogPackageName: Error: DoesPackageExist: DoesPackageExist FAILED: '/Game/Enemies/Drone_2/Air_Drone_fbx_propller 1_Skeleton' is not a standard unreal filename or a long path name. Reason: Name may not contain the following characters: ' '
[2018.04.10-10.16.30:020][746]LogLinker: Warning: Can't find file '/Game/Enemies/Drone_2/Air_Drone_fbx_propller 1_Skeleton'
[2018.04.10-10.16.30:020][746]LogPackageName: Error: DoesPackageExist: DoesPackageExist FAILED: '/Game/Enemies/Drone_2/Air_Drone_fbx_propller 1_Skeleton' is not a standard unreal filename or a long path name. Reason: Name may not contain the following characters: ' '
[2018.04.10-10.16.30:020][746]LogLinker: Warning: Can't find file for asset '/Game/Enemies/Drone_2/Air_Drone_fbx_propller 1_Skeleton' while loading ../../../../Users/Adrian/Desktop/Top secret/ADRIA/Universidad/3r Grado/Diseño/RunnerGame/Game/Content/Enemies/Drone_2/Air_Drone_fbx.uasset.
[2018.04.10-10.16.30:020][746]LogPackageName: Error: DoesPackageExist: DoesPackageExist FAILED: '/Game/Enemies/Drone_2/Air_Drone_fbx_Propllier 2_Skeleton' is not a standard unreal filename or a long path name. Reason: Name may not contain the following characters: ' '
[2018.04.10-10.16.30:020][746]LogLinker: Warning: Can't find file '/Game/Enemies/Drone_2/Air_Drone_fbx_Propllier 2_Skeleton'
[2018.04.10-10.16.30:020][746]LogPackageName: Error: DoesPackageExist: DoesPackageExist FAILED: '/Game/Enemies/Drone_2/Air_Drone_fbx_Propllier 2_Skeleton' is not a standard unreal filename or a long path name. Reason: Name may not contain the following characters: ' '
[2018.04.10-10.16.30:020][746]LogLinker: Warning: Can't find file for asset '/Game/Enemies/Drone_2/Air_Drone_fbx_Propllier 2_Skeleton' while loading ../../../../Users/Adrian/Desktop/Top secret/ADRIA/Universidad/3r Grado/Diseño/RunnerGame/Game/Content/Enemies/Drone_2/Air_Drone_fbx.uasset.
[2018.04.10-10.16.30:026][746]LogPackageName: Error: DoesPackageExist: DoesPackageExist FAILED: '/Game/Enemies/Drone_2/Air_Drone_fbx_propller 1_Skeleton' is not a standard unreal filename or a long path name. Reason: Name may not contain the following characters: ' '
[2018.04.10-10.16.30:026][746]LogLinker: Warning: Can't find file '/Game/Enemies/Drone_2/Air_Drone_fbx_propller 1_Skeleton'
[2018.04.10-10.16.30:026][746]LogPackageName: Error: DoesPackageExist: DoesPackageExist FAILED: '/Game/Enemies/Drone_2/Air_Drone_fbx_propller 1_Skeleton' is not a standard unreal filename or a long path name. Reason: Name may not contain the following characters: ' '
[2018.04.10-10.16.30:026][746]LogLinker: Warning: Can't find file for asset '/Game/Enemies/Drone_2/Air_Drone_fbx_propller 1_Skeleton' while loading ../../../../Users/Adrian/Desktop/Top secret/ADRIA/Universidad/3r Grado/Diseño/RunnerGame/Game/Content/Enemies/Drone_2/Air_Drone_fbx.uasset.
[2018.04.10-10.16.30:026][746]LogPackageName: Error: DoesPackageExist: DoesPackageExist FAILED: '/Game/Enemies/Drone_2/Air_Drone_fbx_Propllier 2_Skeleton' is not a standard unreal filename or a long path name. Reason: Name may not contain the following characters: ' '
[2018.04.10-10.16.30:026][746]LogLinker: Warning: Can't find file '/Game/Enemies/Drone_2/Air_Drone_fbx_Propllier 2_Skeleton'
[2018.04.10-10.16.30:026][746]LogPackageName: Error: DoesPackageExist: DoesPackageExist FAILED: '/Game/Enemies/Drone_2/Air_Drone_fbx_Propllier 2_Skeleton' is not a standard unreal filename or a long path name. Reason: Name may not contain the following characters: ' '
[2018.04.10-10.16.30:026][746]LogLinker: Warning: Can't find file for asset '/Game/Enemies/Drone_2/Air_Drone_fbx_Propllier 2_Skeleton' while loading ../../../../Users/Adrian/Desktop/Top secret/ADRIA/Universidad/3r Grado/Diseño/RunnerGame/Game/Content/Enemies/Drone_2/Air_Drone_fbx.uasset.
[2018.04.10-10.16.30:314][746]LogAIModule: Creating AISystem for world Level1
[2018.04.10-10.16.30:314][746]LogLoad: Game class is '2DSideScrollerGameMode_C'
[2018.04.10-10.16.30:423][746]LogWorld: Bringing World /Game/Levels/UEDPIE_0_Level1.Level1 up for play (max tick rate 0) at 2018.04.10-12.16.30
[2018.04.10-10.16.30:424][746]LogWorld: Bringing up level for play took: 0.109611
[2018.04.10-10.16.30:426][746]LogLoad: Took 0.583402 seconds to LoadMap(/Game/Levels/Level1)
[2018.04.10-10.16.39:715][856]LogNet: Browse: /Game/Levels/Game_Over_Level1_Level
[2018.04.10-10.16.39:715][856]LogLoad: LoadMap: /Game/Levels/Game_Over_Level1_Level
[2018.04.10-10.16.39:739][856]Cmd: MEM
[2018.04.10-10.16.39:755][856]LogMemory: Platform Memory Stats for Windows
[2018.04.10-10.16.39:755][856]LogMemory: Process Physical Memory: 1883.52 MB used, 1936.05 MB peak
[2018.04.10-10.16.39:755][856]LogMemory: Process Virtual Memory: 3374.93 MB used, 3518.04 MB peak
[2018.04.10-10.16.39:755][856]LogMemory: Physical Memory: 5648.24 MB used,  2504.46 MB free, 8152.70 MB total
[2018.04.10-10.16.39:755][856]LogMemory: Virtual Memory: 4094.91 MB used,  2504.46 MB free, 8388608.00 MB total
[2018.04.10-10.16.39:755][856]LogMemory: 
[2018.04.10-10.16.39:755][856]Allocator Stats for TBB: (not implemented)
[2018.04.10-10.16.39:824][856]LogAIModule: Creating AISystem for world Game_Over_Level1_Level
[2018.04.10-10.16.39:824][856]LogLoad: Game class is '2DSideScrollerGameMode_C'
[2018.04.10-10.16.39:826][856]LogWorld: Bringing World /Game/Levels/UEDPIE_0_Game_Over_Level1_Level.Game_Over_Level1_Level up for play (max tick rate 0) at 2018.04.10-12.16.39
[2018.04.10-10.16.39:826][856]LogWorld: Bringing up level for play took: 0.001168
[2018.04.10-10.16.39:827][856]LogGameMode: FindPlayerStart: PATHS NOT DEFINED or NO PLAYERSTART with positive rating
[2018.04.10-10.16.39:829][856]LogLoad: Took 0.113107 seconds to LoadMap(/Game/Levels/Game_Over_Level1_Level)
[2018.04.10-10.16.41:027][999]LogBlueprintUserMessages: Early EndPlayMap Detection: Level '/Game/Levels/Main_Menu_Level.Main_Menu_Level:PersistentLevel' has LevelScriptBlueprint '/Game/Levels/Main_Menu_Level.Main_Menu_Level:PersistentLevel.Main_Menu_Level' with GeneratedClass '/Game/Levels/Main_Menu_Level.Main_Menu_Level_C' with ClassGeneratedBy '/Game/Levels/Main_Menu_Level.Main_Menu_Level:PersistentLevel.Main_Menu_Level'
[2018.04.10-10.16.41:058][999]LogBlueprintUserMessages: Late EndPlayMap Detection: Level '/Game/Levels/Main_Menu_Level.Main_Menu_Level:PersistentLevel' has LevelScriptBlueprint '/Game/Levels/Main_Menu_Level.Main_Menu_Level:PersistentLevel.Main_Menu_Level' with GeneratedClass '/Game/Levels/Main_Menu_Level.Main_Menu_Level_C' with ClassGeneratedBy '/Game/Levels/Main_Menu_Level.Main_Menu_Level:PersistentLevel.Main_Menu_Level'
[2018.04.10-10.16.44:822][324]LogSavePackage: Save=60.33ms
[2018.04.10-10.16.44:822][324]LogSavePackage: Moving '../../../../Users/Adrian/Desktop/Top secret/ADRIA/Universidad/3r Grado/Diseño/RunnerGame/Game/Saved/ObjectFloorPresent1474BC16A42954F02E11E20AAA104D14A.tmp' to '../../../../Users/Adrian/Desktop/Top secret/ADRIA/Universidad/3r Grado/Diseño/RunnerGame/Game/Content/Enemies/ObjectFloorPresent1.uasset'
[2018.04.10-10.16.44:826][324]LogSavePackage: Display: Finished SavePackage ../../../../Users/Adrian/Desktop/Top secret/ADRIA/Universidad/3r Grado/Diseño/RunnerGame/Game/Content/Enemies/ObjectFloorPresent1.uasset
[2018.04.10-10.16.44:924][324]LogSavePackage: Save=68.99ms
[2018.04.10-10.16.44:924][324]LogSavePackage: Moving '../../../../Users/Adrian/Desktop/Top secret/ADRIA/Universidad/3r Grado/Diseño/RunnerGame/Game/Saved/ObjectFloorPast4BFA5D6642B3A7E640801FB7904042CA.tmp' to '../../../../Users/Adrian/Desktop/Top secret/ADRIA/Universidad/3r Grado/Diseño/RunnerGame/Game/Content/Enemies/ObjectFloorPast.uasset'
[2018.04.10-10.16.44:928][324]LogSavePackage: Display: Finished SavePackage ../../../../Users/Adrian/Desktop/Top secret/ADRIA/Universidad/3r Grado/Diseño/RunnerGame/Game/Content/Enemies/ObjectFloorPast.uasset
[2018.04.10-10.16.44:967][324]LogSavePackage: Save=15.92ms
[2018.04.10-10.16.44:967][324]LogSavePackage: Moving '../../../../Users/Adrian/Desktop/Top secret/ADRIA/Universidad/3r Grado/Diseño/RunnerGame/Game/Saved/Long_Spike_Row_MatC90141B94F90F00FED458EA2EDD68494.tmp' to '../../../../Users/Adrian/Desktop/Top secret/ADRIA/Universidad/3r Grado/Diseño/RunnerGame/Game/Content/Enemies/Spike/Long_Spike_Row_Mat.uasset'
[2018.04.10-10.16.44:970][324]LogSavePackage: Display: Finished SavePackage ../../../../Users/Adrian/Desktop/Top secret/ADRIA/Universidad/3r Grado/Diseño/RunnerGame/Game/Content/Enemies/Spike/Long_Spike_Row_Mat.uasset
[2018.04.10-10.16.44:993][324]LogSavePackage: Save=6.48ms
[2018.04.10-10.16.44:993][324]LogSavePackage: Moving '../../../../Users/Adrian/Desktop/Top secret/ADRIA/Universidad/3r Grado/Diseño/RunnerGame/Game/Saved/Long_Spike_Row899BC97E4445E16116FC91ADAC2A0D1B.tmp' to '../../../../Users/Adrian/Desktop/Top secret/ADRIA/Universidad/3r Grado/Diseño/RunnerGame/Game/Content/Enemies/Spike/Long_Spike_Row.uasset'
[2018.04.10-10.16.44:996][324]LogSavePackage: Display: Finished SavePackage ../../../../Users/Adrian/Desktop/Top secret/ADRIA/Universidad/3r Grado/Diseño/RunnerGame/Game/Content/Enemies/Spike/Long_Spike_Row.uasset
[2018.04.10-10.16.45:018][324]LogSavePackage: Save=13.65ms
[2018.04.10-10.16.45:018][324]LogSavePackage: Moving '../../../../Users/Adrian/Desktop/Top secret/ADRIA/Universidad/3r Grado/Diseño/RunnerGame/Game/Saved/download53287251449FB368D19E7AA30B42E4EB.tmp' to '../../../../Users/Adrian/Desktop/Top secret/ADRIA/Universidad/3r Grado/Diseño/RunnerGame/Game/Content/Enemies/Spike/download.uasset'
[2018.04.10-10.16.45:022][324]LogSavePackage: Display: Finished SavePackage ../../../../Users/Adrian/Desktop/Top secret/ADRIA/Universidad/3r Grado/Diseño/RunnerGame/Game/Content/Enemies/Spike/download.uasset
[2018.04.10-10.16.45:052][324]LogSavePackage: Save=12.69ms
[2018.04.10-10.16.45:052][324]LogSavePackage: Moving '../../../../Users/Adrian/Desktop/Top secret/ADRIA/Universidad/3r Grado/Diseño/RunnerGame/Game/Saved/download_MatE4D68E8E4ED5DC8842B72181F00BA37E.tmp' to '../../../../Users/Adrian/Desktop/Top secret/ADRIA/Universidad/3r Grado/Diseño/RunnerGame/Game/Content/Enemies/Spike/download_Mat.uasset'
[2018.04.10-10.16.45:055][324]LogSavePackage: Display: Finished SavePackage ../../../../Users/Adrian/Desktop/Top secret/ADRIA/Universidad/3r Grado/Diseño/RunnerGame/Game/Content/Enemies/Spike/download_Mat.uasset
[2018.04.10-10.16.45:078][324]LogSavePackage: Save=10.10ms
[2018.04.10-10.16.45:079][324]LogSavePackage: Moving '../../../../Users/Adrian/Desktop/Top secret/ADRIA/Universidad/3r Grado/Diseño/RunnerGame/Game/Saved/significado-del-color-naranja15B8544F40EC46F699423982F84B91DF.tmp' to '../../../../Users/Adrian/Desktop/Top secret/ADRIA/Universidad/3r Grado/Diseño/RunnerGame/Game/Content/Enemies/Spike/significado-del-color-naranja.uasset'
[2018.04.10-10.16.45:082][324]LogSavePackage: Display: Finished SavePackage ../../../../Users/Adrian/Desktop/Top secret/ADRIA/Universidad/3r Grado/Diseño/RunnerGame/Game/Content/Enemies/Spike/significado-del-color-naranja.uasset
[2018.04.10-10.16.45:113][324]LogSavePackage: Save=11.55ms
[2018.04.10-10.16.45:113][324]LogSavePackage: Moving '../../../../Users/Adrian/Desktop/Top secret/ADRIA/Universidad/3r Grado/Diseño/RunnerGame/Game/Saved/significado-del-color-naranja_Mat4ACA2349450F798BFACF46B5DDB6DA12.tmp' to '../../../../Users/Adrian/Desktop/Top secret/ADRIA/Universidad/3r Grado/Diseño/RunnerGame/Game/Content/Enemies/Spike/significado-del-color-naranja_Mat.uasset'
[2018.04.10-10.16.45:116][324]LogSavePackage: Display: Finished SavePackage ../../../../Users/Adrian/Desktop/Top secret/ADRIA/Universidad/3r Grado/Diseño/RunnerGame/Game/Content/Enemies/Spike/significado-del-color-naranja_Mat.uasset
