Log file open, 04/12/18 11:56:54
LogWindows: Failed to load 'aqProf.dll' (GetLastError=126)
LogWindows: File 'aqProf.dll' does not exist
LogWindows: Failed to load 'VSPerf140.dll' (GetLastError=126)
LogWindows: File 'VSPerf140.dll' does not exist
LogWindows: Failed to load 'VtuneApi.dll' (GetLastError=126)
LogWindows: File 'VtuneApi.dll' does not exist
LogWindows: Failed to load 'VtuneApi32e.dll' (GetLastError=126)
LogWindows: File 'VtuneApi32e.dll' does not exist
LogInit: Display: Running engine for game: Game
LogPlatformFile: Not using cached read wrapper
LogInit: Display: RandInit(339179405) SRandInit(339179405).
LogTaskGraph: Started task graph with 5 named threads and 14 total threads with 3 sets of task threads.
LogStats: Stats thread started at 0.162429
LogD3D11RHI: Aftermath initialized
LogPluginManager: Mounting plugin Paper2D
LogPluginManager: Mounting plugin LightPropagationVolume
LogPluginManager: Mounting plugin CodeLiteSourceCodeAccess
LogPluginManager: Mounting plugin GitSourceControl
LogPluginManager: Mounting plugin KDevelopSourceCodeAccess
LogPluginManager: Mounting plugin NullSourceCodeAccess
LogPluginManager: Mounting plugin PerforceSourceControl
LogPluginManager: Mounting plugin SubversionSourceControl
LogPluginManager: Mounting plugin UObjectPlugin
LogPluginManager: Mounting plugin VisualStudioSourceCodeAccess
LogPluginManager: Mounting plugin XCodeSourceCodeAccess
LogPluginManager: Mounting plugin AssetManagerEditor
LogPluginManager: Mounting plugin AudioCapture
LogPluginManager: Mounting plugin FacialAnimation
LogPluginManager: Mounting plugin GameplayTagsEditor
LogPluginManager: Mounting plugin MobileLauncherProfileWizard
LogPluginManager: Mounting plugin PluginBrowser
LogPluginManager: Mounting plugin SpeedTreeImporter
LogPluginManager: Mounting plugin AlembicImporter
LogPluginManager: Mounting plugin CharacterAI
LogPluginManager: Mounting plugin HTML5Networking
LogPluginManager: Mounting plugin AndroidMedia
LogPluginManager: Mounting plugin AvfMedia
LogPluginManager: Mounting plugin MediaPlayerEditor
LogPluginManager: Mounting plugin WmfMedia
LogPluginManager: Mounting plugin TcpMessaging
LogPluginManager: Mounting plugin UdpMessaging
LogPluginManager: Mounting plugin LevelSequenceEditor
LogPluginManager: Mounting plugin MatineeToLevelSequence
LogPluginManager: Mounting plugin OnlineSubsystemGooglePlay
LogPluginManager: Mounting plugin OnlineSubsystemIOS
LogPluginManager: Mounting plugin OnlineSubsystem
LogPluginManager: Mounting plugin OnlineSubsystemNull
LogPluginManager: Mounting plugin OnlineSubsystemUtils
LogPluginManager: Mounting plugin AndroidDeviceProfileSelector
LogPluginManager: Mounting plugin AndroidMoviePlayer
LogPluginManager: Mounting plugin AndroidPermission
LogPluginManager: Mounting plugin AppleMoviePlayer
LogPluginManager: Mounting plugin ArchVisCharacter
LogPluginManager: Mounting plugin CableComponent
LogPluginManager: Mounting plugin CustomMeshComponent
LogPluginManager: Mounting plugin ExampleDeviceProfileSelector
LogPluginManager: Mounting plugin GoogleCloudMessaging
LogPluginManager: Mounting plugin ImmediatePhysics
LogPluginManager: Mounting plugin IOSDeviceProfileSelector
LogPluginManager: Mounting plugin LinuxDeviceProfileSelector
LogPluginManager: Mounting plugin LocationServicesBPLibrary
LogPluginManager: Mounting plugin MobilePatchingUtils
LogPluginManager: Mounting plugin OculusVR
LogPluginManager: Mounting plugin PhysXVehicles
LogPluginManager: Mounting plugin ProceduralMeshComponent
LogPluginManager: Mounting plugin RuntimePhysXCooking
LogPluginManager: Mounting plugin SteamVR
LogPluginManager: Mounting plugin WindowsMoviePlayer
LogInit: Using libcurl 7.47.1
LogInit:  - built for x86_64-pc-win32
LogInit:  - supports SSL with OpenSSL/1.0.2g
LogInit:  - supports HTTP deflate (compression) using libz 1.2.8
LogInit:  - other features:
LogInit:      CURL_VERSION_SSL
LogInit:      CURL_VERSION_LIBZ
LogInit:      CURL_VERSION_IPV6
LogInit:      CURL_VERSION_ASYNCHDNS
LogInit:      CURL_VERSION_LARGEFILE
LogInit:      CURL_VERSION_IDN
LogInit:  CurlRequestOptions (configurable via config and command line):
LogInit:  - bVerifyPeer = false  - Libcurl will NOT verify peer certificate
LogInit:  - bUseHttpProxy = false  - Libcurl will NOT use HTTP proxy
LogInit:  - bDontReuseConnections = false  - Libcurl will reuse connections
LogInit:  - CertBundlePath = nullptr  - Libcurl will use whatever was configured at build time.
LogInit: Build: ++UE4+Release-4.17-CL-3658906
LogInit: Engine Version: 4.17.2-3658906+++UE4+Release-4.17
LogInit: Compatible Engine Version: 4.17.0-3573198+++UE4+Release-4.17
LogInit: Net CL: 3573198
LogDevObjectVersion: Number of dev versions registered: 16
LogDevObjectVersion:   Dev-Blueprints (B0D832E4-1F89-4F0D-ACCF-7EB736FD4AA2): 10
LogDevObjectVersion:   Dev-Build (E1C64328-A22C-4D53-A36C-8E866417BD8C): 0
LogDevObjectVersion:   Dev-Core (375EC13C-06E4-48FB-B500-84F0262A717E): 2
LogDevObjectVersion:   Dev-Editor (E4B068ED-F494-42E9-A231-DA0B2E46BB41): 20
LogDevObjectVersion:   Dev-Framework (CFFC743F-43B0-4480-9391-14DF171D2073): 28
LogDevObjectVersion:   Dev-Mobile (B02B49B5-BB20-44E9-A304-32B752E40360): 0
LogDevObjectVersion:   Dev-Networking (A4E4105C-59A1-49B5-A7C5-40C4547EDFEE): 0
LogDevObjectVersion:   Dev-Online (39C831C9-5AE6-47DC-9A44-9C173E1C8E7C): 0
LogDevObjectVersion:   Dev-Physics (78F01B33-EBEA-4F98-B9B4-84EACCB95AA2): 0
LogDevObjectVersion:   Dev-Platform (6631380F-2D4D-43E0-8009-CF276956A95A): 0
LogDevObjectVersion:   Dev-Rendering (12F88B9F-8875-4AFC-A67C-D90C383ABD29): 19
LogDevObjectVersion:   Dev-Sequencer (7B5AE74C-D270-4C10-A958-57980B212A5A): 4
LogDevObjectVersion:   Dev-VR (D7296918-1DD6-4BDD-9DE2-64A83CC13884): 0
LogDevObjectVersion:   Dev-LoadTimes (C2A15278-BFE7-4AFE-6C17-90FF531DF755): 1
LogDevObjectVersion:   Private-Geometry (6EACA3D4-40EC-4CC1-B786-8BED09428FC5): 1
LogDevObjectVersion:   Dev-AnimPhys (29E575DD-E0A3-4627-9D10-D276232CDCEA): 7
LogInit: Compiled (64-bit): Sep 22 2017 13:47:16
LogInit: Compiled with Visual C++: 19.00.24215.01
LogInit: Build Configuration: Development
LogInit: Branch Name: ++UE4+Release-4.17
LogInit: Command line:  
LogInit: Base directory: E:/UE_4.17/Engine/Binaries/Win64/
LogInit: Installed Engine Build: 1
LogInit: Presizing for max 8388607 objects, including 0 objects not considered by GC, pre-allocating 0 bytes for permanent pool.
LogInit: Object subsystem initialized
[2018.04.12-09.56.55:601][  0]LogInit: Selected Device Profile: [Windows]
[2018.04.12-09.56.55:601][  0]LogInit: Applying CVar settings loaded from the selected device profile: [Windows]
[2018.04.12-09.56.55:621][  0]LogInit: Computer: ADRIAN-PC
[2018.04.12-09.56.55:621][  0]LogInit: User: Adrian
[2018.04.12-09.56.55:621][  0]LogInit: CPU Page size=4096, Cores=4
[2018.04.12-09.56.55:621][  0]LogInit: High frequency timer resolution =3.312802 MHz
[2018.04.12-09.56.55:621][  0]LogMemory: Memory total: Physical=8.0GB (8GB approx)
[2018.04.12-09.56.55:621][  0]LogMemory: Platform Memory Stats for Windows
[2018.04.12-09.56.55:621][  0]LogMemory: Process Physical Memory: 281.28 MB used, 281.28 MB peak
[2018.04.12-09.56.55:621][  0]LogMemory: Process Virtual Memory: 289.49 MB used, 289.49 MB peak
[2018.04.12-09.56.55:621][  0]LogMemory: Physical Memory: 4109.75 MB used,  4042.95 MB free, 8152.70 MB total
[2018.04.12-09.56.55:621][  0]LogMemory: Virtual Memory: 668.42 MB used,  4042.95 MB free, 8388608.00 MB total
[2018.04.12-09.56.55:784][  0]LogInit: Overriding language with editor language configuration option (en).
[2018.04.12-09.56.55:784][  0]LogInit: Overriding locale with editor locale configuration option (en).
[2018.04.12-09.56.56:401][  0]LogD3D11RHI: D3D11 adapters:
[2018.04.12-09.56.56:440][  0]LogD3D11RHI:    0. 'NVIDIA GeForce GTX 1050 Ti' (Feature Level 11_0)
[2018.04.12-09.56.56:440][  0]LogD3D11RHI:       3998/0/3820 MB DedicatedVideo/DedicatedSystem/SharedSystem, Outputs:1, VendorId:0x10de
[2018.04.12-09.56.56:440][  0]LogD3D11RHI: Chosen D3D11 Adapter: 0
[2018.04.12-09.56.56:445][  0]LogD3D11RHI: Creating new Direct3DDevice
[2018.04.12-09.56.56:445][  0]LogD3D11RHI:     GPU DeviceId: 0x1c82 (for the marketing name, search the web for "GPU Device Id")
[2018.04.12-09.56.56:445][  0]LogWindows: EnumDisplayDevices:
[2018.04.12-09.56.56:445][  0]LogWindows:    0. 'NVIDIA GeForce GTX 1050 Ti' (P:1 D:1)
[2018.04.12-09.56.56:445][  0]LogWindows:    1. 'NVIDIA GeForce GTX 1050 Ti' (P:0 D:0)
[2018.04.12-09.56.56:446][  0]LogWindows:    2. 'NVIDIA GeForce GTX 1050 Ti' (P:0 D:0)
[2018.04.12-09.56.56:446][  0]LogWindows:    3. 'NVIDIA GeForce GTX 1050 Ti' (P:0 D:0)
[2018.04.12-09.56.56:446][  0]LogWindows:    4. 'RDPDD Chained DD' (P:0 D:0)
[2018.04.12-09.56.56:446][  0]LogWindows:    5. 'RDP Encoder Mirror Driver' (P:0 D:0)
[2018.04.12-09.56.56:446][  0]LogWindows:    6. 'RDP Reflector Display Driver' (P:0 D:0)
[2018.04.12-09.56.56:447][  0]LogWindows: DebugString: GetVideoDriverDetailsInvalid PrimaryIsNotTheChoosenAdapter GetVideoDriverDetailsInvalid PrimaryIsNotTheChoosenAdapter GetVideoDriverDetailsInvalid PrimaryIsNotTheChoosenAdapter FoundDriverCount:4 
[2018.04.12-09.56.56:447][  0]LogD3D11RHI:     Adapter Name: NVIDIA GeForce GTX 1050 Ti
[2018.04.12-09.56.56:447][  0]LogD3D11RHI:   Driver Version: 391.24 (internal:23.21.13.9124, unified:391.24)
[2018.04.12-09.56.56:447][  0]LogD3D11RHI:      Driver Date: 3-15-2018
[2018.04.12-09.56.56:447][  0]LogRHI: Texture pool is 1361 MB (70% of 1945 MB)
[2018.04.12-09.56.56:462][  0]LogD3D11RHI: Async texture creation enabled
[2018.04.12-09.56.56:483][  0]LogD3D11RHI: GPU Timing Frequency: 1000.000000 (Debug: 2 2)
[2018.04.12-09.56.56:531][  0]LogShaderCompilers: Guid format shader working directory is -46 characters bigger than the processId version (../../../../Users/Adrian/Desktop/Top secret/ADRIA/Universidad/3r Grado/Diseño/RunnerGame/Game/Intermediate/Shaders/WorkingDirectory/2424/).
[2018.04.12-09.56.56:532][  0]LogShaderCompilers: Cleaned the shader compiler working directory 'C:/Users/Adrian/AppData/Local/Temp/UnrealShaderWorkingDir/6A3A9F2D4448D3881EB17CA76819D06A/'.
[2018.04.12-09.56.56:532][  0]LogShaderCompilers: Display: Using Local Shader Compiler.
[2018.04.12-09.56.57:487][  0]LogTemp: Display: Loaded TP AllDesktopTargetPlatform
[2018.04.12-09.56.57:540][  0]LogTemp: Display: Loaded TP MacClientTargetPlatform
[2018.04.12-09.56.57:595][  0]LogTemp: Display: Loaded TP MacNoEditorTargetPlatform
[2018.04.12-09.56.57:650][  0]LogTemp: Display: Loaded TP MacServerTargetPlatform
[2018.04.12-09.56.57:706][  0]LogTemp: Display: Loaded TP MacTargetPlatform
[2018.04.12-09.56.57:762][  0]LogTemp: Display: Loaded TP WindowsClientTargetPlatform
[2018.04.12-09.56.57:818][  0]LogTemp: Display: Loaded TP WindowsNoEditorTargetPlatform
[2018.04.12-09.56.57:875][  0]LogTemp: Display: Loaded TP WindowsServerTargetPlatform
[2018.04.12-09.56.57:924][  0]LogTemp: Display: Loaded TP WindowsTargetPlatform
[2018.04.12-09.56.57:981][  0]LogTemp: Display: Loaded TP AndroidTargetPlatform
[2018.04.12-09.56.58:035][  0]LogTemp: Display: Loaded TP Android_ASTCTargetPlatform
[2018.04.12-09.56.58:088][  0]LogTemp: Display: Loaded TP Android_ATCTargetPlatform
[2018.04.12-09.56.58:149][  0]LogTemp: Display: Loaded TP Android_DXTTargetPlatform
[2018.04.12-09.56.58:214][  0]LogTemp: Display: Loaded TP Android_ETC1TargetPlatform
[2018.04.12-09.56.58:266][  0]LogTemp: Display: Loaded TP Android_ETC2TargetPlatform
[2018.04.12-09.56.58:373][  0]LogTemp: Display: Loaded TP Android_MultiTargetPlatform
[2018.04.12-09.56.58:373][  0]LogTemp: Display: Loaded TP Android_PVRTCTargetPlatform
[2018.04.12-09.56.58:417][  0]LogTemp: Display: Loaded TP HTML5TargetPlatform
[2018.04.12-09.56.58:508][  0]LogTemp: Display: Loaded TP IOSTargetPlatform
[2018.04.12-09.56.58:536][  0]LogTemp: Display: Loaded TP TVOSTargetPlatform
[2018.04.12-09.56.58:594][  0]LogTemp: Display: Loaded TP LinuxClientTargetPlatform
[2018.04.12-09.56.58:647][  0]LogTemp: Display: Loaded TP LinuxNoEditorTargetPlatform
[2018.04.12-09.56.58:699][  0]LogTemp: Display: Loaded TP LinuxServerTargetPlatform
[2018.04.12-09.56.58:752][  0]LogTemp: Display: Loaded TP LinuxTargetPlatform
[2018.04.12-09.56.58:752][  0]LogTargetPlatformManager: Display: Building Assets For Windows
[2018.04.12-09.56.59:203][  0]LogDerivedDataCache: Display: Max Cache Size: 512 MB
[2018.04.12-09.56.59:318][  0]LogDerivedDataCache: Loaded boot cache 0.11s 93MB C:/Users/Adrian/AppData/Local/UnrealEngine/4.17/DerivedDataCache/Boot.ddc.
[2018.04.12-09.56.59:318][  0]LogDerivedDataCache: Display: Loaded Boot cache: C:/Users/Adrian/AppData/Local/UnrealEngine/4.17/DerivedDataCache/Boot.ddc
[2018.04.12-09.56.59:318][  0]LogDerivedDataCache: FDerivedDataBackendGraph:  Pak pak cache file ../../../../Users/Adrian/Desktop/Top secret/ADRIA/Universidad/3r Grado/Diseño/RunnerGame/Game/DerivedDataCache/DDC.ddp not found, will not use a pak cache.
[2018.04.12-09.56.59:318][  0]LogDerivedDataCache: Unable to find inner node Pak for hierarchical cache Hierarchy.
[2018.04.12-09.56.59:318][  0]LogDerivedDataCache: FDerivedDataBackendGraph:  CompressedPak pak cache file ../../../../Users/Adrian/Desktop/Top secret/ADRIA/Universidad/3r Grado/Diseño/RunnerGame/Game/DerivedDataCache/Compressed.ddp not found, will not use a pak cache.
[2018.04.12-09.56.59:318][  0]LogDerivedDataCache: Unable to find inner node CompressedPak for hierarchical cache Hierarchy.
[2018.04.12-09.56.59:337][  0]LogDerivedDataCache: Display: Pak cache opened for reading ../../../Engine/DerivedDataCache/Compressed.ddp.
[2018.04.12-09.56.59:349][  0]LogDerivedDataCache: Using Local data cache path C:/Users/Adrian/AppData/Local/UnrealEngine/Common/DerivedDataCache: Writable
[2018.04.12-09.56.59:361][  0]LogMaterial: Verifying Global Shaders for PCD3D_SM5
[2018.04.12-09.56.59:362][  0]LogSlate: Using Freetype 2.6.0
[2018.04.12-09.56.59:362][  0]LogSlate: SlateFontCache - WITH_FREETYPE: 1, WITH_HARFBUZZ: 1
[2018.04.12-09.56.59:362][  0]LogSlate: SlateFontCache - WITH_FREETYPE: 1, WITH_HARFBUZZ: 1
[2018.04.12-09.56.59:693][  0]LogAssetRegistry: FAssetRegistry took 0.0272 seconds to start up
[2018.04.12-09.56.59:884][  0]LogInit: Selected Device Profile: [Windows]
[2018.04.12-09.56.59:889][  0]LogContentStreaming: Texture pool size is 0.00 MB
[2018.04.12-09.57.00:284][  0]LogSimplygon: Simplygon DLL not present - disabling.
[2018.04.12-09.57.00:327][  0]LogMeshReduction: Using SimplygonSwarm for distributed automatic mesh merging
[2018.04.12-09.57.00:327][  0]LogMeshReduction: Using QuadricMeshReduction for automatic static mesh reduction
[2018.04.12-09.57.00:328][  0]LogMeshReduction: No automatic skeletal mesh reduction module available
[2018.04.12-09.57.00:328][  0]LogMeshReduction: No automatic mesh merging module available
[2018.04.12-09.57.00:328][  0]LogMeshMerging: No automatic mesh merging module available
[2018.04.12-09.57.00:716][  0]LogNetVersion: Game , NetCL: 3573198, EngineNetVer: 2, GameNetVer: 0 (Checksum: 2957514414)
[2018.04.12-09.57.00:943][  0]LogPackageLocalizationCache: Processed 5 localized package path(s) for 1 prioritized culture(s) in 0.061059 seconds
[2018.04.12-09.57.00:949][  0]LogUObjectArray: 35825 objects as part of root set at end of initial load.
[2018.04.12-09.57.00:949][  0]LogUObjectAllocator: 7529104 out of 0 bytes used by permanent object pool.
[2018.04.12-09.57.00:949][  0]LogUObjectArray: CloseDisregardForGC: 0/0 objects in disregard for GC pool
[2018.04.12-09.57.00:997][  0]LogInit: WinSock: version 1.1 (2.2), MaxSocks=32767, MaxUdp=65467
[2018.04.12-09.57.03:665][  0]LogTcpMessaging: Initializing TcpMessaging bridge
[2018.04.12-09.57.03:700][  0]LogUdpMessaging: Initializing bridge on interface 0.0.0.0:0 to multicast group 230.0.0.1:6666.
[2018.04.12-09.57.04:341][  0]LogMaterial: Uniform references updated for custom material expression Custom.
[2018.04.12-09.57.04:755][  0]SourceControl: Source control is disabled
[2018.04.12-09.57.04:755][  0]SourceControl: Source control is disabled
[2018.04.12-09.57.04:803][  0]SourceControl: Source control is disabled
[2018.04.12-09.57.04:850][  0]SourceControl: Source control is disabled
[2018.04.12-09.57.05:410][  0]LogAndroidPermission: UAndroidPermissionCallbackProxy::GetInstance
[2018.04.12-09.57.05:653][  0]LogOcInput: OculusInput pre-init called
[2018.04.12-09.57.05:908][  0]LogEngine: Initializing Engine...
[2018.04.12-09.57.05:910][  0]LogHMD: Failed to initialize OpenVR with code 110
[2018.04.12-09.57.06:138][  0]LogStats: UGameplayTagsManager::ConstructGameplayTagTree: Construct from data asset -  0.000 s
[2018.04.12-09.57.06:138][  0]LogStats: UGameplayTagsManager::ConstructGameplayTagTree: GameplayTagTreeChangedEvent.Broadcast -  0.000 s
[2018.04.12-09.57.06:270][  0]LogAIModule: Creating AISystem for world Untitled
[2018.04.12-09.57.06:287][  0]LogInit: XAudio2 using 'Altavoces (Logitech G430 Gaming Headset)' : 2 channels at 44.1 kHz using 16 bits per sample (channel mask 0x3)
[2018.04.12-09.57.06:297][  0]LogInit: FAudioDevice initialized.
[2018.04.12-09.57.06:396][  0]LogDerivedDataCache: Saved boot cache 0.10s 93MB C:/Users/Adrian/AppData/Local/UnrealEngine/4.17/DerivedDataCache/Boot.ddc.
[2018.04.12-09.57.06:410][  0]LogInit: Texture streaming: Enabled
[2018.04.12-09.57.06:499][  0]LogEngineSessionManager: EngineSessionManager initialized
[2018.04.12-09.57.06:720][  0]LogInit: Transaction tracking system initialized
[2018.04.12-09.57.07:036][  0]BlueprintLog: New page: Editor Load
[2018.04.12-09.57.07:900][  0]LocalizationService: Localization service is disabled
[2018.04.12-09.57.08:572][  0]LogConsoleResponse: Display: 
[2018.04.12-09.57.08:743][  0]LogCook: Display: Max memory allowance for cook 16384mb min free memory 0mb
[2018.04.12-09.57.08:743][  0]LogCook: Display: Mobile HDR setting 1
[2018.04.12-09.57.08:743][  0]LogGameplayTags: Display: UGameplayTagsManager::DoneAddingNativeTags. DelegateIsBound: 0
[2018.04.12-09.57.09:098][  0]LogFileCache: Scanning file cache for directory 'E:/Users/Adrian/Desktop/Top secret/ADRIA/Universidad/3r Grado/Diseño/RunnerGame/Game/Content/' took 0.01s
[2018.04.12-09.57.09:743][  0]SourceControl: Source control is disabled
[2018.04.12-09.57.09:743][  0]Cmd: MAP LOAD FILE="../../../../Users/Adrian/Desktop/Top secret/ADRIA/Universidad/3r Grado/Diseño/RunnerGame/Game/Content/Levels/Main_Menu_Level.umap" TEMPLATE=0 SHOWPROGRESS=1 FEATURELEVEL=3
[2018.04.12-09.57.09:767][  0]LightingResults: New page: Lighting Build
[2018.04.12-09.57.09:810][  0]MapCheck: New page: Map Check
[2018.04.12-09.57.09:810][  0]LightingResults: New page: Lighting Build
[2018.04.12-09.57.10:279][  0]LogAIModule: Creating AISystem for world Main_Menu_Level
[2018.04.12-09.57.10:280][  0]LogEditorServer: Finished looking for orphan Actors (0.000 secs)
[2018.04.12-09.57.10:292][  0]Cmd: MAP CHECKDEP NOCLEARLOG
[2018.04.12-09.57.10:327][  0]MapCheck: Map check complete: 0 Error(s), 0 Warning(s), took 35.379ms to complete.
[2018.04.12-09.57.10:328][  0]LogFileHelpers: Loading map 'Main_Menu_Level' took 0.585
[2018.04.12-09.57.10:455][  0]LogCollectionManager: Loaded 0 collections in 0.001531 seconds
[2018.04.12-09.57.10:534][  0]LogFileCache: Scanning file cache for directory 'E:/Users/Adrian/Desktop/Top secret/ADRIA/Universidad/3r Grado/Diseño/RunnerGame/Game/Saved/Collections/' took 0.01s
[2018.04.12-09.57.10:534][  0]LogFileCache: Scanning file cache for directory 'E:/Users/Adrian/Desktop/Top secret/ADRIA/Universidad/3r Grado/Diseño/RunnerGame/Game/Content/Developers/Adrian/Collections/' took 0.01s
[2018.04.12-09.57.10:534][  0]LogFileCache: Scanning file cache for directory 'E:/Users/Adrian/Desktop/Top secret/ADRIA/Universidad/3r Grado/Diseño/RunnerGame/Game/Content/Collections/' took 0.01s
[2018.04.12-09.57.10:534][  0]LogCollectionManager: Rebuilt the GUID cache for 0 collections in 0.000001 seconds
[2018.04.12-09.57.10:543][  0]LogContentBrowser: Native class hierarchy populated in 0.0087 seconds. Added 2386 classes and 500 folders.
[2018.04.12-09.57.10:605][  0]LogContentBrowser: Native class hierarchy updated for 'WidgetCarousel' in 0.0006 seconds. Added 0 classes and 0 folders.
[2018.04.12-09.57.10:638][  0]LogContentBrowser: Native class hierarchy updated for 'AddContentDialog' in 0.0007 seconds. Added 0 classes and 0 folders.
[2018.04.12-09.57.10:683][  0]LogContentBrowser: Native class hierarchy updated for 'SceneOutliner' in 0.0006 seconds. Added 1 classes and 2 folders.
[2018.04.12-09.57.10:714][  0]LogSlate: Took 0.000148 seconds to synchronously load lazily loaded font '../../../Engine/Content/Slate/Fonts/Roboto-Regular.ttf' (155K)
[2018.04.12-09.57.10:716][  0]LogSlate: Took 0.000122 seconds to synchronously load lazily loaded font '../../../Engine/Content/Slate/Fonts/Roboto-Bold.ttf' (160K)
[2018.04.12-09.57.10:722][  0]LogSlate: Took 0.000139 seconds to synchronously load lazily loaded font '../../../Engine/Content/Editor/Slate/Fonts/FontAwesome.ttf' (139K)
[2018.04.12-09.57.10:831][  0]LogRenderer: Reallocating scene render targets to support 1104x576 Format 10 NumSamples 1 (Frame:1).
[2018.04.12-09.57.10:873][  0]LogSlate: Took 0.000107 seconds to synchronously load lazily loaded font '../../../Engine/Content/Slate/Fonts/Roboto-Light.ttf' (159K)
[2018.04.12-09.57.11:081][  0]LogContentBrowser: Native class hierarchy updated for 'HierarchicalLODOutliner' in 0.0007 seconds. Added 1 classes and 2 folders.
[2018.04.12-09.57.11:081][  0]LogLoad: (Engine Initialization) Total time: 17.45 seconds
[2018.04.12-09.57.11:081][  0]LogLoad: (Engine Initialization) Total Blueprint compile time: 0.00 seconds
[2018.04.12-09.57.11:081][  0]LogExternalProfiler: No external profilers were discovered.  External profiling features will not be available.
[2018.04.12-09.57.11:443][  0]LogContentStreaming: Texture pool size now 1000 MB
[2018.04.12-09.57.12:093][  2]LogAssetRegistry: Asset discovery search completed in 12.4197 seconds
[2018.04.12-09.57.12:094][  2]LogCollectionManager: Rebuilt the object cache for 0 collections in 0.000001 seconds (found 0 objects)
[2018.04.12-09.57.12:095][  2]LogCollectionManager: Fixed up redirectors for 0 collections in 0.000041 seconds (updated 0 objects)
[2018.04.12-09.57.12:440][  3]LogSlate: Took 0.000433 seconds to synchronously load lazily loaded font '../../../Engine/Content/Slate/Fonts/Roboto-Light.ttf' (159K)
[2018.04.12-10.00.10:435][839]LogSlate: Took 0.000290 seconds to synchronously load lazily loaded font '../../../Engine/Content/Slate/Fonts/Roboto-Light.ttf' (159K)
[2018.04.12-10.00.11:506][839]LogSlate: Took 0.000252 seconds to synchronously load lazily loaded font '../../../Engine/Content/Slate/Fonts/Roboto-Regular.ttf' (155K)
[2018.04.12-10.00.11:635][839]LogPackageName: Error: DoesPackageExist: DoesPackageExist FAILED: '/Game/Enemies/Drone_2/Air_Drone_fbx_propller 1_Skeleton' is not a standard unreal filename or a long path name. Reason: Name may not contain the following characters: ' '
[2018.04.12-10.00.11:635][839]LogLinker: Warning: Can't find file '/Game/Enemies/Drone_2/Air_Drone_fbx_propller 1_Skeleton'
[2018.04.12-10.00.11:636][839]LogPackageName: Error: DoesPackageExist: DoesPackageExist FAILED: '/Game/Enemies/Drone_2/Air_Drone_fbx_propller 1_Skeleton' is not a standard unreal filename or a long path name. Reason: Name may not contain the following characters: ' '
[2018.04.12-10.00.11:636][839]LogLinker: Warning: Can't find file for asset '/Game/Enemies/Drone_2/Air_Drone_fbx_propller 1_Skeleton' while loading ../../../../Users/Adrian/Desktop/Top secret/ADRIA/Universidad/3r Grado/Diseño/RunnerGame/Game/Content/Enemies/Drone_2/Air_Drone_fbx.uasset.
[2018.04.12-10.00.11:636][839]LoadErrors: Error: /Game/Enemies/Drone_2/Air_Drone_fbx : Can't find file for asset. /Game/Enemies/Drone_2/Air_Drone_fbx_propller 1_Skeleton
[2018.04.12-10.00.11:636][839]LogPackageName: Error: DoesPackageExist: DoesPackageExist FAILED: '/Game/Enemies/Drone_2/Air_Drone_fbx_Propllier 2_Skeleton' is not a standard unreal filename or a long path name. Reason: Name may not contain the following characters: ' '
[2018.04.12-10.00.11:636][839]LogLinker: Warning: Can't find file '/Game/Enemies/Drone_2/Air_Drone_fbx_Propllier 2_Skeleton'
[2018.04.12-10.00.11:636][839]LogPackageName: Error: DoesPackageExist: DoesPackageExist FAILED: '/Game/Enemies/Drone_2/Air_Drone_fbx_Propllier 2_Skeleton' is not a standard unreal filename or a long path name. Reason: Name may not contain the following characters: ' '
[2018.04.12-10.00.11:636][839]LogLinker: Warning: Can't find file for asset '/Game/Enemies/Drone_2/Air_Drone_fbx_Propllier 2_Skeleton' while loading ../../../../Users/Adrian/Desktop/Top secret/ADRIA/Universidad/3r Grado/Diseño/RunnerGame/Game/Content/Enemies/Drone_2/Air_Drone_fbx.uasset.
[2018.04.12-10.00.11:636][839]LoadErrors: Error: /Game/Enemies/Drone_2/Air_Drone_fbx : Can't find file for asset. /Game/Enemies/Drone_2/Air_Drone_fbx_Propllier 2_Skeleton
[2018.04.12-10.00.11:664][839]LogPackageName: Error: DoesPackageExist: DoesPackageExist FAILED: '/Game/Enemies/Drone_2/Air_Drone_fbx_propller 1_Skeleton' is not a standard unreal filename or a long path name. Reason: Name may not contain the following characters: ' '
[2018.04.12-10.00.11:664][839]LogLinker: Warning: Can't find file '/Game/Enemies/Drone_2/Air_Drone_fbx_propller 1_Skeleton'
[2018.04.12-10.00.11:664][839]LogPackageName: Error: DoesPackageExist: DoesPackageExist FAILED: '/Game/Enemies/Drone_2/Air_Drone_fbx_propller 1_Skeleton' is not a standard unreal filename or a long path name. Reason: Name may not contain the following characters: ' '
[2018.04.12-10.00.11:665][839]LogLinker: Warning: Can't find file for asset '/Game/Enemies/Drone_2/Air_Drone_fbx_propller 1_Skeleton' while loading ../../../../Users/Adrian/Desktop/Top secret/ADRIA/Universidad/3r Grado/Diseño/RunnerGame/Game/Content/Enemies/Drone_2/Air_Drone_fbx.uasset.
[2018.04.12-10.00.11:665][839]LogPackageName: Error: DoesPackageExist: DoesPackageExist FAILED: '/Game/Enemies/Drone_2/Air_Drone_fbx_Propllier 2_Skeleton' is not a standard unreal filename or a long path name. Reason: Name may not contain the following characters: ' '
[2018.04.12-10.00.11:665][839]LogLinker: Warning: Can't find file '/Game/Enemies/Drone_2/Air_Drone_fbx_Propllier 2_Skeleton'
[2018.04.12-10.00.11:665][839]LogPackageName: Error: DoesPackageExist: DoesPackageExist FAILED: '/Game/Enemies/Drone_2/Air_Drone_fbx_Propllier 2_Skeleton' is not a standard unreal filename or a long path name. Reason: Name may not contain the following characters: ' '
[2018.04.12-10.00.11:665][839]LogLinker: Warning: Can't find file for asset '/Game/Enemies/Drone_2/Air_Drone_fbx_Propllier 2_Skeleton' while loading ../../../../Users/Adrian/Desktop/Top secret/ADRIA/Universidad/3r Grado/Diseño/RunnerGame/Game/Content/Enemies/Drone_2/Air_Drone_fbx.uasset.
[2018.04.12-10.00.12:694][839]LogPackageName: Error: DoesPackageExist: DoesPackageExist FAILED: '/Game/Enemies/Drone_2/Air_Drone_fbx_propller 1_Skeleton' is not a standard unreal filename or a long path name. Reason: Name may not contain the following characters: ' '
[2018.04.12-10.00.12:694][839]LogLinker: Warning: Can't find file '/Game/Enemies/Drone_2/Air_Drone_fbx_propller 1_Skeleton'
[2018.04.12-10.00.12:694][839]LoadErrors: Failed to load /Game/Enemies/Drone_2/Air_Drone_fbx_propller 1_Skeleton.Air_Drone_fbx_propller 1_Skeleton Referenced by Air_Drone_fbx_propller 1
[2018.04.12-10.00.12:694][839]LogPackageName: Error: DoesPackageExist: DoesPackageExist FAILED: '/Game/Enemies/Drone_2/Air_Drone_fbx_propller 1_Skeleton' is not a standard unreal filename or a long path name. Reason: Name may not contain the following characters: ' '
[2018.04.12-10.00.12:695][839]LogLinker: Warning: Can't find file for asset '/Game/Enemies/Drone_2/Air_Drone_fbx_propller 1_Skeleton' while loading NULL.
[2018.04.12-10.00.12:695][839]LogPackageName: Error: DoesPackageExist: DoesPackageExist FAILED: '/Game/Enemies/Drone_2/Air_Drone_fbx_Propllier 2_Skeleton' is not a standard unreal filename or a long path name. Reason: Name may not contain the following characters: ' '
[2018.04.12-10.00.12:695][839]LogLinker: Warning: Can't find file '/Game/Enemies/Drone_2/Air_Drone_fbx_Propllier 2_Skeleton'
[2018.04.12-10.00.12:695][839]LoadErrors: Failed to load /Game/Enemies/Drone_2/Air_Drone_fbx_Propllier 2_Skeleton.Air_Drone_fbx_Propllier 2_Skeleton Referenced by Air_Drone_fbx_Propllier 2
[2018.04.12-10.00.12:695][839]LogPackageName: Error: DoesPackageExist: DoesPackageExist FAILED: '/Game/Enemies/Drone_2/Air_Drone_fbx_Propllier 2_Skeleton' is not a standard unreal filename or a long path name. Reason: Name may not contain the following characters: ' '
[2018.04.12-10.00.12:696][839]LogLinker: Warning: Can't find file for asset '/Game/Enemies/Drone_2/Air_Drone_fbx_Propllier 2_Skeleton' while loading NULL.
[2018.04.12-10.00.13:684][839]LogAIModule: Creating AISystem for world Level1
[2018.04.12-10.00.13:903][839]Cmd: MAP LOAD FILE="../../../../Users/Adrian/Desktop/Top secret/ADRIA/Universidad/3r Grado/Diseño/RunnerGame/Game/Content/Levels/Level1.umap" TEMPLATE=0 SHOWPROGRESS=1 FEATURELEVEL=3
[2018.04.12-10.00.13:903][839]LightingResults: New page: Lighting Build
[2018.04.12-10.00.13:904][839]LoadErrors: New page: Loading map: Level1.umap
[2018.04.12-10.00.13:904][839]MapCheck: New page: Map Check
[2018.04.12-10.00.13:904][839]LightingResults: New page: Lighting Build
[2018.04.12-10.00.14:060][839]LogEditorServer: Finished looking for orphan Actors (0.000 secs)
[2018.04.12-10.00.14:109][839]Cmd: MAP CHECKDEP NOCLEARLOG
[2018.04.12-10.00.14:155][839]MapCheck: Map check complete: 0 Error(s), 0 Warning(s), took 46.075ms to complete.
[2018.04.12-10.00.14:155][839]LogFileHelpers: Loading map 'Level1' took 0.254
[2018.04.12-10.00.14:676][894]LogTemp: Repeating last play command: Selected Viewport
[2018.04.12-10.00.14:889][894]LogBlueprintUserMessages: Early PlayInEditor Detection: Level '/Game/Levels/Level1.Level1:PersistentLevel' has LevelScriptBlueprint '/Game/Levels/Level1.Level1:PersistentLevel.Level1' with GeneratedClass '/Game/Levels/Level1.Level1_C' with ClassGeneratedBy '/Game/Levels/Level1.Level1:PersistentLevel.Level1'
[2018.04.12-10.00.14:889][894]LogPlayLevel: PlayLevel: No blueprints needed recompiling
[2018.04.12-10.00.14:889][894]PIE: New page: PIE session: Level1 (Apr 12, 2018, 2:00:14 PM)
[2018.04.12-10.00.14:890][894]LogPlayLevel: Creating play world package: /Game/Levels/UEDPIE_0_Level1
[2018.04.12-10.00.14:930][894]LogPlayLevel: PIE: StaticDuplicateObject took: (0.039936s)
[2018.04.12-10.00.14:931][894]LogAIModule: Creating AISystem for world Level1
[2018.04.12-10.00.14:931][894]LogPlayLevel: PIE: World Init took: (0.000823s)
[2018.04.12-10.00.14:931][894]LogPlayLevel: PIE: Created PIE world by copying editor world from /Game/Levels/Level1.Level1 to /Game/Levels/UEDPIE_0_Level1.Level1 (0.041153s)
[2018.04.12-10.00.14:949][894]LogInit: XAudio2 using 'Altavoces (Logitech G430 Gaming Headset)' : 2 channels at 44.1 kHz using 16 bits per sample (channel mask 0x3)
[2018.04.12-10.00.14:958][894]LogInit: FAudioDevice initialized.
[2018.04.12-10.00.14:999][894]LogLoad: Game class is '2DSideScrollerGameMode_C'
[2018.04.12-10.00.15:015][894]LogWorld: Bringing World /Game/Levels/UEDPIE_0_Level1.Level1 up for play (max tick rate 0) at 2018.04.12-12.00.15
[2018.04.12-10.00.15:016][894]LogWorld: Bringing up level for play took: 0.015722
[2018.04.12-10.00.15:067][894]LogContentBrowser: Native class hierarchy updated for 'MovieSceneCapture' in 0.0007 seconds. Added 11 classes and 0 folders.
[2018.04.12-10.00.15:078][894]PIE: Play in editor start time for /Game/Levels/UEDPIE_0_Level1 0.242
[2018.04.12-10.00.15:078][894]LogBlueprintUserMessages: Late PlayInEditor Detection: Level '/Game/Levels/Level1.Level1:PersistentLevel' has LevelScriptBlueprint '/Game/Levels/Level1.Level1:PersistentLevel.Level1' with GeneratedClass '/Game/Levels/Level1.Level1_C' with ClassGeneratedBy '/Game/Levels/Level1.Level1:PersistentLevel.Level1'
[2018.04.12-10.00.25:001][ 78]LogNet: Browse: /Game/Levels/Game_Over_Level1_Level
[2018.04.12-10.00.25:002][ 78]LogLoad: LoadMap: /Game/Levels/Game_Over_Level1_Level
[2018.04.12-10.00.25:017][ 78]Cmd: MEM
[2018.04.12-10.00.25:045][ 78]LogMemory: Platform Memory Stats for Windows
[2018.04.12-10.00.25:045][ 78]LogMemory: Process Physical Memory: 1203.30 MB used, 1219.69 MB peak
[2018.04.12-10.00.25:045][ 78]LogMemory: Process Virtual Memory: 1693.30 MB used, 1709.51 MB peak
[2018.04.12-10.00.25:045][ 78]LogMemory: Physical Memory: 4690.61 MB used,  3462.09 MB free, 8152.70 MB total
[2018.04.12-10.00.25:045][ 78]LogMemory: Virtual Memory: 2378.68 MB used,  3462.09 MB free, 8388608.00 MB total
[2018.04.12-10.00.25:045][ 78]LogMemory: 
[2018.04.12-10.00.25:045][ 78]Allocator Stats for TBB: (not implemented)
[2018.04.12-10.00.26:240][ 78]LogAIModule: Creating AISystem for world Game_Over_Level1_Level
[2018.04.12-10.00.26:240][ 78]LogLoad: Game class is '2DSideScrollerGameMode_C'
[2018.04.12-10.00.26:242][ 78]LogWorld: Bringing World /Game/Levels/UEDPIE_0_Game_Over_Level1_Level.Game_Over_Level1_Level up for play (max tick rate 0) at 2018.04.12-12.00.26
[2018.04.12-10.00.26:243][ 78]LogWorld: Bringing up level for play took: 0.001344
[2018.04.12-10.00.26:243][ 78]LogGameMode: FindPlayerStart: PATHS NOT DEFINED or NO PLAYERSTART with positive rating
[2018.04.12-10.00.26:245][ 78]LogLoad: Took 1.243990 seconds to LoadMap(/Game/Levels/Game_Over_Level1_Level)
[2018.04.12-10.00.27:547][233]LogBlueprintUserMessages: Early EndPlayMap Detection: Level '/Game/Levels/Level1.Level1:PersistentLevel' has LevelScriptBlueprint '/Game/Levels/Level1.Level1:PersistentLevel.Level1' with GeneratedClass '/Game/Levels/Level1.Level1_C' with ClassGeneratedBy '/Game/Levels/Level1.Level1:PersistentLevel.Level1'
[2018.04.12-10.00.27:579][233]LogBlueprintUserMessages: Late EndPlayMap Detection: Level '/Game/Levels/Level1.Level1:PersistentLevel' has LevelScriptBlueprint '/Game/Levels/Level1.Level1:PersistentLevel.Level1' with GeneratedClass '/Game/Levels/Level1.Level1_C' with ClassGeneratedBy '/Game/Levels/Level1.Level1:PersistentLevel.Level1'
[2018.04.12-10.07.40:327][770]LogTemp: Repeating last play command: Selected Viewport
[2018.04.12-10.07.40:351][770]LogBlueprintUserMessages: Early PlayInEditor Detection: Level '/Game/Levels/Level1.Level1:PersistentLevel' has LevelScriptBlueprint '/Game/Levels/Level1.Level1:PersistentLevel.Level1' with GeneratedClass '/Game/Levels/Level1.Level1_C' with ClassGeneratedBy '/Game/Levels/Level1.Level1:PersistentLevel.Level1'
[2018.04.12-10.07.40:351][770]LogPlayLevel: PlayLevel: No blueprints needed recompiling
[2018.04.12-10.07.40:351][770]PIE: New page: PIE session: Level1 (Apr 12, 2018, 2:07:40 PM)
[2018.04.12-10.07.40:352][770]LogPlayLevel: Creating play world package: /Game/Levels/UEDPIE_0_Level1
[2018.04.12-10.07.40:381][770]LogPlayLevel: PIE: StaticDuplicateObject took: (0.028008s)
[2018.04.12-10.07.40:381][770]LogAIModule: Creating AISystem for world Level1
[2018.04.12-10.07.40:381][770]LogPlayLevel: PIE: World Init took: (0.000697s)
[2018.04.12-10.07.40:382][770]LogPlayLevel: PIE: Created PIE world by copying editor world from /Game/Levels/Level1.Level1 to /Game/Levels/UEDPIE_0_Level1.Level1 (0.029032s)
[2018.04.12-10.07.40:398][770]LogInit: XAudio2 using 'Altavoces (Logitech G430 Gaming Headset)' : 2 channels at 44.1 kHz using 16 bits per sample (channel mask 0x3)
[2018.04.12-10.07.40:405][770]LogInit: FAudioDevice initialized.
[2018.04.12-10.07.40:437][770]LogLoad: Game class is '2DSideScrollerGameMode_C'
[2018.04.12-10.07.40:452][770]LogWorld: Bringing World /Game/Levels/UEDPIE_0_Level1.Level1 up for play (max tick rate 0) at 2018.04.12-12.07.40
[2018.04.12-10.07.40:453][770]LogWorld: Bringing up level for play took: 0.015222
[2018.04.12-10.07.40:454][770]PIE: Play in editor start time for /Game/Levels/UEDPIE_0_Level1 -0.383
[2018.04.12-10.07.40:454][770]LogBlueprintUserMessages: Late PlayInEditor Detection: Level '/Game/Levels/Level1.Level1:PersistentLevel' has LevelScriptBlueprint '/Game/Levels/Level1.Level1:PersistentLevel.Level1' with GeneratedClass '/Game/Levels/Level1.Level1_C' with ClassGeneratedBy '/Game/Levels/Level1.Level1:PersistentLevel.Level1'
[2018.04.12-10.07.54:191][415]LogNet: Browse: /Game/Levels/Game_Over_Level1_Level
[2018.04.12-10.07.54:192][415]LogLoad: LoadMap: /Game/Levels/Game_Over_Level1_Level
[2018.04.12-10.07.54:207][415]Cmd: MEM
[2018.04.12-10.07.54:217][415]LogMemory: Platform Memory Stats for Windows
[2018.04.12-10.07.54:217][415]LogMemory: Process Physical Memory: 1379.50 MB used, 1458.32 MB peak
[2018.04.12-10.07.54:217][415]LogMemory: Process Virtual Memory: 1853.49 MB used, 2041.45 MB peak
[2018.04.12-10.07.54:217][415]LogMemory: Physical Memory: 4903.57 MB used,  3249.13 MB free, 8152.70 MB total
[2018.04.12-10.07.54:217][415]LogMemory: Virtual Memory: 2537.06 MB used,  3249.13 MB free, 8388608.00 MB total
[2018.04.12-10.07.54:217][415]LogMemory: 
[2018.04.12-10.07.54:218][415]Allocator Stats for TBB: (not implemented)
[2018.04.12-10.07.54:279][415]LogAIModule: Creating AISystem for world Game_Over_Level1_Level
[2018.04.12-10.07.54:280][415]LogLoad: Game class is '2DSideScrollerGameMode_C'
[2018.04.12-10.07.54:281][415]LogWorld: Bringing World /Game/Levels/UEDPIE_0_Game_Over_Level1_Level.Game_Over_Level1_Level up for play (max tick rate 0) at 2018.04.12-12.07.54
[2018.04.12-10.07.54:282][415]LogWorld: Bringing up level for play took: 0.001168
[2018.04.12-10.07.54:282][415]LogGameMode: FindPlayerStart: PATHS NOT DEFINED or NO PLAYERSTART with positive rating
[2018.04.12-10.07.54:284][415]LogLoad: Took 0.092311 seconds to LoadMap(/Game/Levels/Game_Over_Level1_Level)
[2018.04.12-10.07.55:123][515]LogBlueprintUserMessages: Early EndPlayMap Detection: Level '/Game/Levels/Level1.Level1:PersistentLevel' has LevelScriptBlueprint '/Game/Levels/Level1.Level1:PersistentLevel.Level1' with GeneratedClass '/Game/Levels/Level1.Level1_C' with ClassGeneratedBy '/Game/Levels/Level1.Level1:PersistentLevel.Level1'
[2018.04.12-10.07.55:154][515]LogBlueprintUserMessages: Late EndPlayMap Detection: Level '/Game/Levels/Level1.Level1:PersistentLevel' has LevelScriptBlueprint '/Game/Levels/Level1.Level1:PersistentLevel.Level1' with GeneratedClass '/Game/Levels/Level1.Level1_C' with ClassGeneratedBy '/Game/Levels/Level1.Level1:PersistentLevel.Level1'
[2018.04.12-10.07.58:766][820]LogContentBrowser: Native class hierarchy updated for 'BlueprintGraph' in 0.0010 seconds. Added 113 classes and 0 folders.
[2018.04.12-10.07.59:556][820]LogSlate: Took 0.000175 seconds to synchronously load lazily loaded font '../../../Engine/Content/Editor/Slate/Fonts/Roboto-BoldCondensed.ttf' (158K)
[2018.04.12-10.08.12:153][993]LogSlate: Took 0.000166 seconds to synchronously load lazily loaded font '../../../Engine/Content/Editor/Slate/Fonts/Roboto-Italic.ttf' (157K)
[2018.04.12-10.10.39:329][520]LogSavePackage: Save=711.20ms
[2018.04.12-10.10.39:330][520]LogSavePackage: Moving '../../../../Users/Adrian/Desktop/Top secret/ADRIA/Universidad/3r Grado/Diseño/RunnerGame/Game/Saved/Level1_Auto1909135614A2A41F3207836968A63010D.tmp' to '../../../../Users/Adrian/Desktop/Top secret/ADRIA/Universidad/3r Grado/Diseño/RunnerGame/Game/Saved/Autosaves/Game/Levels/Level1_Auto1.umap'
[2018.04.12-10.10.39:338][520]LogSavePackage: Display: Finished SavePackage ../../../../Users/Adrian/Desktop/Top secret/ADRIA/Universidad/3r Grado/Diseño/RunnerGame/Game/Saved/Autosaves/Game/Levels/Level1_Auto1.umap
[2018.04.12-10.10.39:340][520]LogFileHelpers: Editor autosave (incl. sublevels) for '/Game/Levels/Level1' took 1.003
[2018.04.12-10.10.39:341][520]LogFileHelpers: Editor autosave (incl. sublevels) for all levels took 1.003
[2018.04.12-10.16.10:323][280]LogTemp: Repeating last play command: Selected Viewport
[2018.04.12-10.16.10:347][280]LogBlueprintUserMessages: Early PlayInEditor Detection: Level '/Game/Levels/Level1.Level1:PersistentLevel' has LevelScriptBlueprint '/Game/Levels/Level1.Level1:PersistentLevel.Level1' with GeneratedClass '/Game/Levels/Level1.Level1_C' with ClassGeneratedBy '/Game/Levels/Level1.Level1:PersistentLevel.Level1'
[2018.04.12-10.16.10:347][280]BlueprintLog: New page: Pre-Play auto-recompile
[2018.04.12-10.16.10:351][280]LogPlayLevel: [PlayLevel] Compiling Level1 before play...
[2018.04.12-10.16.10:376][280]LogPlayLevel: PlayLevel: Blueprint regeneration took 28 ms (1 blueprints)
[2018.04.12-10.16.10:376][280]PIE: New page: PIE session: Level1 (Apr 12, 2018, 2:16:10 PM)
[2018.04.12-10.16.10:377][280]LogPlayLevel: Creating play world package: /Game/Levels/UEDPIE_0_Level1
[2018.04.12-10.16.10:407][280]LogPlayLevel: PIE: StaticDuplicateObject took: (0.030072s)
[2018.04.12-10.16.10:408][280]LogAIModule: Creating AISystem for world Level1
[2018.04.12-10.16.10:408][280]LogPlayLevel: PIE: World Init took: (0.000759s)
[2018.04.12-10.16.10:409][280]LogPlayLevel: PIE: Created PIE world by copying editor world from /Game/Levels/Level1.Level1 to /Game/Levels/UEDPIE_0_Level1.Level1 (0.031191s)
[2018.04.12-10.16.10:436][280]LogInit: XAudio2 using 'Altavoces (Logitech G430 Gaming Headset)' : 2 channels at 44.1 kHz using 16 bits per sample (channel mask 0x3)
[2018.04.12-10.16.10:444][280]LogInit: FAudioDevice initialized.
[2018.04.12-10.16.10:474][280]LogLoad: Game class is '2DSideScrollerGameMode_C'
[2018.04.12-10.16.10:489][280]LogWorld: Bringing World /Game/Levels/UEDPIE_0_Level1.Level1 up for play (max tick rate 0) at 2018.04.12-12.16.10
[2018.04.12-10.16.10:490][280]LogWorld: Bringing up level for play took: 0.015199
[2018.04.12-10.16.10:492][280]PIE: Play in editor start time for /Game/Levels/UEDPIE_0_Level1 -0.348
[2018.04.12-10.16.10:492][280]LogBlueprintUserMessages: Late PlayInEditor Detection: Level '/Game/Levels/Level1.Level1:PersistentLevel' has LevelScriptBlueprint '/Game/Levels/Level1.Level1:PersistentLevel.Level1' with GeneratedClass '/Game/Levels/Level1.Level1_C' with ClassGeneratedBy '/Game/Levels/Level1.Level1:PersistentLevel.Level1'
[2018.04.12-10.16.14:991][814]LogNet: Browse: /Game/Levels/Game_Over_Level1_Level
[2018.04.12-10.16.14:991][814]LogLoad: LoadMap: /Game/Levels/Game_Over_Level1_Level
[2018.04.12-10.16.15:015][814]Cmd: MEM
[2018.04.12-10.16.15:032][814]LogMemory: Platform Memory Stats for Windows
[2018.04.12-10.16.15:032][814]LogMemory: Process Physical Memory: 1636.31 MB used, 1656.31 MB peak
[2018.04.12-10.16.15:032][814]LogMemory: Process Virtual Memory: 3115.86 MB used, 3135.32 MB peak
[2018.04.12-10.16.15:032][814]LogMemory: Physical Memory: 5129.32 MB used,  3023.38 MB free, 8152.70 MB total
[2018.04.12-10.16.15:032][814]LogMemory: Virtual Memory: 3794.29 MB used,  3023.38 MB free, 8388608.00 MB total
[2018.04.12-10.16.15:032][814]LogMemory: 
[2018.04.12-10.16.15:032][814]Allocator Stats for TBB: (not implemented)
[2018.04.12-10.16.15:100][814]LogAIModule: Creating AISystem for world Game_Over_Level1_Level
[2018.04.12-10.16.15:101][814]LogLoad: Game class is '2DSideScrollerGameMode_C'
[2018.04.12-10.16.15:102][814]LogWorld: Bringing World /Game/Levels/UEDPIE_0_Game_Over_Level1_Level.Game_Over_Level1_Level up for play (max tick rate 0) at 2018.04.12-12.16.15
[2018.04.12-10.16.15:102][814]LogWorld: Bringing up level for play took: 0.000909
[2018.04.12-10.16.15:103][814]LogGameMode: FindPlayerStart: PATHS NOT DEFINED or NO PLAYERSTART with positive rating
[2018.04.12-10.16.15:104][814]LogLoad: Took 0.113118 seconds to LoadMap(/Game/Levels/Game_Over_Level1_Level)
[2018.04.12-10.16.16:237][949]LogBlueprintUserMessages: Early EndPlayMap Detection: Level '/Game/Levels/Level1.Level1:PersistentLevel' has LevelScriptBlueprint '/Game/Levels/Level1.Level1:PersistentLevel.Level1' with GeneratedClass '/Game/Levels/Level1.Level1_C' with ClassGeneratedBy '/Game/Levels/Level1.Level1:PersistentLevel.Level1'
[2018.04.12-10.16.16:268][949]LogBlueprintUserMessages: Late EndPlayMap Detection: Level '/Game/Levels/Level1.Level1:PersistentLevel' has LevelScriptBlueprint '/Game/Levels/Level1.Level1:PersistentLevel.Level1' with GeneratedClass '/Game/Levels/Level1.Level1_C' with ClassGeneratedBy '/Game/Levels/Level1.Level1:PersistentLevel.Level1'
[2018.04.12-10.20.46:465][ 86]LogSavePackage: Save=739.07ms
[2018.04.12-10.20.46:465][ 86]LogSavePackage: Moving '../../../../Users/Adrian/Desktop/Top secret/ADRIA/Universidad/3r Grado/Diseño/RunnerGame/Game/Saved/Level1_Auto2DA4FA2C8439FB44177C0E0B0F329D0E8.tmp' to '../../../../Users/Adrian/Desktop/Top secret/ADRIA/Universidad/3r Grado/Diseño/RunnerGame/Game/Saved/Autosaves/Game/Levels/Level1_Auto2.umap'
[2018.04.12-10.20.46:476][ 86]LogSavePackage: Display: Finished SavePackage ../../../../Users/Adrian/Desktop/Top secret/ADRIA/Universidad/3r Grado/Diseño/RunnerGame/Game/Saved/Autosaves/Game/Levels/Level1_Auto2.umap
[2018.04.12-10.20.46:479][ 86]LogFileHelpers: Editor autosave (incl. sublevels) for '/Game/Levels/Level1' took 0.798
[2018.04.12-10.20.46:479][ 86]LogFileHelpers: Editor autosave (incl. sublevels) for all levels took 0.798
[2018.04.12-10.20.46:492][ 86]OBJ SavePackage: Generating thumbnails for [0] asset(s) in package [/Game/2DSideScrollerBP/Blueprints/2DSideScrollerCharacter] ([1] browsable assets)...
[2018.04.12-10.20.46:492][ 86]OBJ SavePackage: Finished generating thumbnails for package [/Game/2DSideScrollerBP/Blueprints/2DSideScrollerCharacter]
[2018.04.12-10.20.46:743][ 86]LogSavePackage: Save=226.27ms
[2018.04.12-10.20.46:743][ 86]LogSavePackage: Moving '../../../../Users/Adrian/Desktop/Top secret/ADRIA/Universidad/3r Grado/Diseño/RunnerGame/Game/Saved/2DSideScrollerCharacter_Auto2FB1771CF4224E6CE1AB92CB73DA108C8.tmp' to '../../../../Users/Adrian/Desktop/Top secret/ADRIA/Universidad/3r Grado/Diseño/RunnerGame/Game/Saved/Autosaves/Game/2DSideScrollerBP/Blueprints/2DSideScrollerCharacter_Auto2.uasset'
[2018.04.12-10.20.46:757][ 86]LogSavePackage: Display: Finished SavePackage ../../../../Users/Adrian/Desktop/Top secret/ADRIA/Universidad/3r Grado/Diseño/RunnerGame/Game/Saved/Autosaves/Game/2DSideScrollerBP/Blueprints/2DSideScrollerCharacter_Auto2.uasset
[2018.04.12-10.20.46:757][ 86]LogFileHelpers: Auto-saving content packages took 0.276
[2018.04.12-10.23.06:607][145]BlueprintLog: New page: Compile 2DSideScrollerCharacter
[2018.04.12-10.25.17:000][619]LogTemp: Repeating last play command: Selected Viewport
[2018.04.12-10.25.17:049][619]LogBlueprintUserMessages: Early PlayInEditor Detection: Level '/Game/Levels/Level1.Level1:PersistentLevel' has LevelScriptBlueprint '/Game/Levels/Level1.Level1:PersistentLevel.Level1' with GeneratedClass '/Game/Levels/Level1.Level1_C' with ClassGeneratedBy '/Game/Levels/Level1.Level1:PersistentLevel.Level1'
[2018.04.12-10.25.17:049][619]LogPlayLevel: PlayLevel: No blueprints needed recompiling
[2018.04.12-10.25.17:049][619]PIE: New page: PIE session: Level1 (Apr 12, 2018, 2:25:17 PM)
[2018.04.12-10.25.17:051][619]LogPlayLevel: Creating play world package: /Game/Levels/UEDPIE_0_Level1
[2018.04.12-10.25.17:078][619]LogPlayLevel: PIE: StaticDuplicateObject took: (0.027097s)
[2018.04.12-10.25.17:079][619]LogAIModule: Creating AISystem for world Level1
[2018.04.12-10.25.17:079][619]LogPlayLevel: PIE: World Init took: (0.000657s)
[2018.04.12-10.25.17:079][619]LogPlayLevel: PIE: Created PIE world by copying editor world from /Game/Levels/Level1.Level1 to /Game/Levels/UEDPIE_0_Level1.Level1 (0.028154s)
[2018.04.12-10.25.17:105][619]LogInit: XAudio2 using 'Altavoces (Logitech G430 Gaming Headset)' : 2 channels at 44.1 kHz using 16 bits per sample (channel mask 0x3)
[2018.04.12-10.25.17:113][619]LogInit: FAudioDevice initialized.
[2018.04.12-10.25.17:139][619]LogLoad: Game class is '2DSideScrollerGameMode_C'
[2018.04.12-10.25.17:154][619]LogWorld: Bringing World /Game/Levels/UEDPIE_0_Level1.Level1 up for play (max tick rate 0) at 2018.04.12-12.25.17
[2018.04.12-10.25.17:155][619]LogWorld: Bringing up level for play took: 0.014545
[2018.04.12-10.25.17:156][619]PIE: Play in editor start time for /Game/Levels/UEDPIE_0_Level1 0.315
[2018.04.12-10.25.17:157][619]LogBlueprintUserMessages: Late PlayInEditor Detection: Level '/Game/Levels/Level1.Level1:PersistentLevel' has LevelScriptBlueprint '/Game/Levels/Level1.Level1:PersistentLevel.Level1' with GeneratedClass '/Game/Levels/Level1.Level1_C' with ClassGeneratedBy '/Game/Levels/Level1.Level1:PersistentLevel.Level1'
[2018.04.12-10.25.21:485][136]LogNet: Browse: /Game/Levels/Game_Over_Level1_Level
[2018.04.12-10.25.21:485][136]LogLoad: LoadMap: /Game/Levels/Game_Over_Level1_Level
[2018.04.12-10.25.21:507][136]Cmd: MEM
[2018.04.12-10.25.21:524][136]LogMemory: Platform Memory Stats for Windows
[2018.04.12-10.25.21:524][136]LogMemory: Process Physical Memory: 1689.62 MB used, 1702.07 MB peak
[2018.04.12-10.25.21:524][136]LogMemory: Process Virtual Memory: 3181.68 MB used, 3204.03 MB peak
[2018.04.12-10.25.21:524][136]LogMemory: Physical Memory: 5262.90 MB used,  2889.80 MB free, 8152.70 MB total
[2018.04.12-10.25.21:524][136]LogMemory: Virtual Memory: 3859.98 MB used,  2889.80 MB free, 8388608.00 MB total
[2018.04.12-10.25.21:524][136]LogMemory: 
[2018.04.12-10.25.21:524][136]Allocator Stats for TBB: (not implemented)
[2018.04.12-10.25.21:585][136]LogAIModule: Creating AISystem for world Game_Over_Level1_Level
[2018.04.12-10.25.21:585][136]LogLoad: Game class is '2DSideScrollerGameMode_C'
[2018.04.12-10.25.21:587][136]LogWorld: Bringing World /Game/Levels/UEDPIE_0_Game_Over_Level1_Level.Game_Over_Level1_Level up for play (max tick rate 0) at 2018.04.12-12.25.21
[2018.04.12-10.25.21:587][136]LogWorld: Bringing up level for play took: 0.001175
[2018.04.12-10.25.21:587][136]LogGameMode: FindPlayerStart: PATHS NOT DEFINED or NO PLAYERSTART with positive rating
[2018.04.12-10.25.21:589][136]LogLoad: Took 0.104288 seconds to LoadMap(/Game/Levels/Game_Over_Level1_Level)
[2018.04.12-10.25.23:101][316]LogNet: Browse: /Game/Levels/Level1
[2018.04.12-10.25.23:101][316]LogLoad: LoadMap: /Game/Levels/Level1
[2018.04.12-10.25.23:119][316]Cmd: MEM
[2018.04.12-10.25.23:136][316]LogMemory: Platform Memory Stats for Windows
[2018.04.12-10.25.23:136][316]LogMemory: Process Physical Memory: 1690.50 MB used, 1710.50 MB peak
[2018.04.12-10.25.23:136][316]LogMemory: Process Virtual Memory: 3175.76 MB used, 3273.93 MB peak
[2018.04.12-10.25.23:136][316]LogMemory: Physical Memory: 5267.42 MB used,  2885.28 MB free, 8152.70 MB total
[2018.04.12-10.25.23:136][316]LogMemory: Virtual Memory: 3854.04 MB used,  2885.28 MB free, 8388608.00 MB total
[2018.04.12-10.25.23:136][316]LogMemory: 
[2018.04.12-10.25.23:136][316]Allocator Stats for TBB: (not implemented)
[2018.04.12-10.25.23:136][316]LogPlayLevel: Creating play world package: /Game/Levels/UEDPIE_0_Level1
[2018.04.12-10.25.23:163][316]LogPlayLevel: PIE: StaticDuplicateObject took: (0.026824s)
[2018.04.12-10.25.23:164][316]LogAIModule: Creating AISystem for world Level1
[2018.04.12-10.25.23:164][316]LogPlayLevel: PIE: World Init took: (0.000653s)
[2018.04.12-10.25.23:164][316]LogPlayLevel: PIE: Created PIE world by copying editor world from /Game/Levels/Level1.Level1 to /Game/Levels/UEDPIE_0_Level1.Level1 (0.027835s)
[2018.04.12-10.25.23:164][316]LogLoad: Game class is '2DSideScrollerGameMode_C'
[2018.04.12-10.25.23:179][316]LogWorld: Bringing World /Game/Levels/UEDPIE_0_Level1.Level1 up for play (max tick rate 0) at 2018.04.12-12.25.23
[2018.04.12-10.25.23:180][316]LogWorld: Bringing up level for play took: 0.015061
[2018.04.12-10.25.23:182][316]LogLoad: Took 0.080341 seconds to LoadMap(/Game/Levels/UEDPIE_0_Level1)
[2018.04.12-10.25.27:776][866]LogNet: Browse: /Game/Levels/Game_Over_Level1_Level
[2018.04.12-10.25.27:776][866]LogLoad: LoadMap: /Game/Levels/Game_Over_Level1_Level
[2018.04.12-10.25.27:798][866]Cmd: MEM
[2018.04.12-10.25.27:814][866]LogMemory: Platform Memory Stats for Windows
[2018.04.12-10.25.27:814][866]LogMemory: Process Physical Memory: 1690.50 MB used, 1710.50 MB peak
[2018.04.12-10.25.27:814][866]LogMemory: Process Virtual Memory: 3181.76 MB used, 3273.93 MB peak
[2018.04.12-10.25.27:814][866]LogMemory: Physical Memory: 5265.02 MB used,  2887.68 MB free, 8152.70 MB total
[2018.04.12-10.25.27:814][866]LogMemory: Virtual Memory: 3860.04 MB used,  2887.68 MB free, 8388608.00 MB total
[2018.04.12-10.25.27:814][866]LogMemory: 
[2018.04.12-10.25.27:814][866]Allocator Stats for TBB: (not implemented)
[2018.04.12-10.25.27:877][866]LogAIModule: Creating AISystem for world Game_Over_Level1_Level
[2018.04.12-10.25.27:877][866]LogLoad: Game class is '2DSideScrollerGameMode_C'
[2018.04.12-10.25.27:879][866]LogWorld: Bringing World /Game/Levels/UEDPIE_0_Game_Over_Level1_Level.Game_Over_Level1_Level up for play (max tick rate 0) at 2018.04.12-12.25.27
[2018.04.12-10.25.27:879][866]LogWorld: Bringing up level for play took: 0.001151
[2018.04.12-10.25.27:880][866]LogGameMode: FindPlayerStart: PATHS NOT DEFINED or NO PLAYERSTART with positive rating
[2018.04.12-10.25.27:882][866]LogLoad: Took 0.105462 seconds to LoadMap(/Game/Levels/Game_Over_Level1_Level)
[2018.04.12-10.25.28:645][957]LogBlueprintUserMessages: Early EndPlayMap Detection: Level '/Game/Levels/Level1.Level1:PersistentLevel' has LevelScriptBlueprint '/Game/Levels/Level1.Level1:PersistentLevel.Level1' with GeneratedClass '/Game/Levels/Level1.Level1_C' with ClassGeneratedBy '/Game/Levels/Level1.Level1:PersistentLevel.Level1'
[2018.04.12-10.25.28:675][957]LogBlueprintUserMessages: Late EndPlayMap Detection: Level '/Game/Levels/Level1.Level1:PersistentLevel' has LevelScriptBlueprint '/Game/Levels/Level1.Level1:PersistentLevel.Level1' with GeneratedClass '/Game/Levels/Level1.Level1_C' with ClassGeneratedBy '/Game/Levels/Level1.Level1:PersistentLevel.Level1'
[2018.04.12-10.25.41:895][ 20]LogTemp: Repeating last play command: Selected Viewport
[2018.04.12-10.25.41:944][ 20]LogBlueprintUserMessages: Early PlayInEditor Detection: Level '/Game/Levels/Level1.Level1:PersistentLevel' has LevelScriptBlueprint '/Game/Levels/Level1.Level1:PersistentLevel.Level1' with GeneratedClass '/Game/Levels/Level1.Level1_C' with ClassGeneratedBy '/Game/Levels/Level1.Level1:PersistentLevel.Level1'
[2018.04.12-10.25.41:944][ 20]BlueprintLog: New page: Pre-Play auto-recompile
[2018.04.12-10.25.41:995][ 20]LogPlayLevel: [PlayLevel] Compiling Gold before play...
[2018.04.12-10.25.41:998][ 20]LogPlayLevel: [PlayLevel]   Compiling Landscape_Past as a dependent...
[2018.04.12-10.25.42:001][ 20]LogPlayLevel: [PlayLevel]   Compiling Landscape_Present as a dependent...
[2018.04.12-10.25.42:004][ 20]LogPlayLevel: [PlayLevel]   Compiling ObjectAgacharPast as a dependent...
[2018.04.12-10.25.42:012][ 20]LogPlayLevel: [PlayLevel]   Compiling ObjectAgacharPresent1 as a dependent...
[2018.04.12-10.25.42:019][ 20]LogPlayLevel: [PlayLevel]   Compiling ObjectDashPast as a dependent...
[2018.04.12-10.25.42:044][ 20]LogPlayLevel: [PlayLevel]   Compiling ObjectDashPresent as a dependent...
[2018.04.12-10.25.42:073][ 20]LogPlayLevel: [PlayLevel]   Compiling ObjectFloorPast as a dependent...
[2018.04.12-10.25.42:082][ 20]LogPlayLevel: [PlayLevel]   Compiling ObjectFloorPresent1 as a dependent...
[2018.04.12-10.25.42:091][ 20]LogPlayLevel: [PlayLevel]   Compiling ObjectJumpPast as a dependent...
[2018.04.12-10.25.42:098][ 20]LogPlayLevel: [PlayLevel]   Compiling ObjectJumpPresent1 as a dependent...
[2018.04.12-10.25.42:105][ 20]LogPlayLevel: [PlayLevel]   Compiling ObjectSpacePast as a dependent...
[2018.04.12-10.25.42:112][ 20]LogPlayLevel: [PlayLevel]   Compiling ObjectSpacePresent as a dependent...
[2018.04.12-10.25.42:120][ 20]LogPlayLevel: [PlayLevel]   Compiling Trigger_FinishLevel as a dependent...
[2018.04.12-10.25.42:127][ 20]LogPlayLevel: [PlayLevel]   Compiling Level1 as a dependent...
[2018.04.12-10.25.42:170][ 20]LogPlayLevel: [PlayLevel]   Compiling 2DSideScrollerCharacter as a dependent...
[2018.04.12-10.26.01:059][ 20]LogPlayLevel: PlayLevel: Blueprint regeneration took 19115 ms (16 blueprints)
[2018.04.12-10.26.01:060][ 20]PIE: New page: PIE session: Level1 (Apr 12, 2018, 2:26:01 PM)
[2018.04.12-10.26.01:061][ 20]LogPlayLevel: Creating play world package: /Game/Levels/UEDPIE_0_Level1
[2018.04.12-10.26.01:090][ 20]LogPlayLevel: PIE: StaticDuplicateObject took: (0.029014s)
[2018.04.12-10.26.01:091][ 20]LogAIModule: Creating AISystem for world Level1
[2018.04.12-10.26.01:091][ 20]LogPlayLevel: PIE: World Init took: (0.000685s)
[2018.04.12-10.26.01:091][ 20]LogPlayLevel: PIE: Created PIE world by copying editor world from /Game/Levels/Level1.Level1 to /Game/Levels/UEDPIE_0_Level1.Level1 (0.030069s)
[2018.04.12-10.26.01:118][ 20]LogInit: XAudio2 using 'Altavoces (Logitech G430 Gaming Headset)' : 2 channels at 44.1 kHz using 16 bits per sample (channel mask 0x3)
[2018.04.12-10.26.01:124][ 20]LogInit: FAudioDevice initialized.
[2018.04.12-10.26.01:155][ 20]LogLoad: Game class is '2DSideScrollerGameMode_C'
[2018.04.12-10.26.01:171][ 20]LogWorld: Bringing World /Game/Levels/UEDPIE_0_Level1.Level1 up for play (max tick rate 3) at 2018.04.12-12.26.01
[2018.04.12-10.26.01:172][ 20]LogWorld: Bringing up level for play took: 0.016324
[2018.04.12-10.26.01:174][ 20]PIE: Play in editor start time for /Game/Levels/UEDPIE_0_Level1 18.332
[2018.04.12-10.26.01:174][ 20]LogBlueprintUserMessages: Late PlayInEditor Detection: Level '/Game/Levels/Level1.Level1:PersistentLevel' has LevelScriptBlueprint '/Game/Levels/Level1.Level1:PersistentLevel.Level1' with GeneratedClass '/Game/Levels/Level1.Level1_C' with ClassGeneratedBy '/Game/Levels/Level1.Level1:PersistentLevel.Level1'
[2018.04.12-10.26.05:198][ 33]LogNet: Browse: /Game/Levels/Game_Over_Level1_Level
[2018.04.12-10.26.05:199][ 33]LogLoad: LoadMap: /Game/Levels/Game_Over_Level1_Level
[2018.04.12-10.26.05:227][ 33]Cmd: MEM
[2018.04.12-10.26.05:244][ 33]LogMemory: Platform Memory Stats for Windows
[2018.04.12-10.26.05:244][ 33]LogMemory: Process Physical Memory: 1686.31 MB used, 1710.50 MB peak
[2018.04.12-10.26.05:244][ 33]LogMemory: Process Virtual Memory: 3173.77 MB used, 3273.93 MB peak
[2018.04.12-10.26.05:244][ 33]LogMemory: Physical Memory: 5334.52 MB used,  2818.18 MB free, 8152.70 MB total
[2018.04.12-10.26.05:244][ 33]LogMemory: Virtual Memory: 3856.48 MB used,  2818.18 MB free, 8388608.00 MB total
[2018.04.12-10.26.05:244][ 33]LogMemory: 
[2018.04.12-10.26.05:244][ 33]Allocator Stats for TBB: (not implemented)
[2018.04.12-10.26.05:309][ 33]LogAIModule: Creating AISystem for world Game_Over_Level1_Level
[2018.04.12-10.26.05:309][ 33]LogLoad: Game class is '2DSideScrollerGameMode_C'
[2018.04.12-10.26.05:311][ 33]LogWorld: Bringing World /Game/Levels/UEDPIE_0_Game_Over_Level1_Level.Game_Over_Level1_Level up for play (max tick rate 3) at 2018.04.12-12.26.05
[2018.04.12-10.26.05:312][ 33]LogWorld: Bringing up level for play took: 0.001366
[2018.04.12-10.26.05:312][ 33]LogGameMode: FindPlayerStart: PATHS NOT DEFINED or NO PLAYERSTART with positive rating
[2018.04.12-10.26.05:314][ 33]LogLoad: Took 0.115294 seconds to LoadMap(/Game/Levels/Game_Over_Level1_Level)
[2018.04.12-10.26.33:218][499]LogNet: Browse: /Game/Levels/Level1
[2018.04.12-10.26.33:218][499]LogLoad: LoadMap: /Game/Levels/Level1
[2018.04.12-10.26.33:236][499]Cmd: MEM
[2018.04.12-10.26.33:252][499]LogMemory: Platform Memory Stats for Windows
[2018.04.12-10.26.33:252][499]LogMemory: Process Physical Memory: 1686.69 MB used, 1710.50 MB peak
[2018.04.12-10.26.33:252][499]LogMemory: Process Virtual Memory: 3167.78 MB used, 3273.93 MB peak
[2018.04.12-10.26.33:252][499]LogMemory: Physical Memory: 5297.87 MB used,  2854.83 MB free, 8152.70 MB total
[2018.04.12-10.26.33:252][499]LogMemory: Virtual Memory: 3850.86 MB used,  2854.83 MB free, 8388608.00 MB total
[2018.04.12-10.26.33:252][499]LogMemory: 
[2018.04.12-10.26.33:252][499]Allocator Stats for TBB: (not implemented)
[2018.04.12-10.26.33:252][499]LogPlayLevel: Creating play world package: /Game/Levels/UEDPIE_0_Level1
[2018.04.12-10.26.33:279][499]LogPlayLevel: PIE: StaticDuplicateObject took: (0.027005s)
[2018.04.12-10.26.33:280][499]LogAIModule: Creating AISystem for world Level1
[2018.04.12-10.26.33:280][499]LogPlayLevel: PIE: World Init took: (0.000624s)
[2018.04.12-10.26.33:280][499]LogPlayLevel: PIE: Created PIE world by copying editor world from /Game/Levels/Level1.Level1 to /Game/Levels/UEDPIE_0_Level1.Level1 (0.027918s)
[2018.04.12-10.26.33:280][499]LogLoad: Game class is '2DSideScrollerGameMode_C'
[2018.04.12-10.26.33:295][499]LogWorld: Bringing World /Game/Levels/UEDPIE_0_Level1.Level1 up for play (max tick rate 0) at 2018.04.12-12.26.33
[2018.04.12-10.26.33:296][499]LogWorld: Bringing up level for play took: 0.015244
[2018.04.12-10.26.33:297][499]LogLoad: Took 0.078856 seconds to LoadMap(/Game/Levels/UEDPIE_0_Level1)
[2018.04.12-10.26.37:896][ 48]LogNet: Browse: /Game/Levels/Game_Over_Level1_Level
[2018.04.12-10.26.37:896][ 48]LogLoad: LoadMap: /Game/Levels/Game_Over_Level1_Level
[2018.04.12-10.26.37:919][ 48]Cmd: MEM
[2018.04.12-10.26.37:935][ 48]LogMemory: Platform Memory Stats for Windows
[2018.04.12-10.26.37:935][ 48]LogMemory: Process Physical Memory: 1686.69 MB used, 1710.50 MB peak
[2018.04.12-10.26.37:935][ 48]LogMemory: Process Virtual Memory: 3173.77 MB used, 3273.93 MB peak
[2018.04.12-10.26.37:935][ 48]LogMemory: Physical Memory: 5295.17 MB used,  2857.53 MB free, 8152.70 MB total
[2018.04.12-10.26.37:935][ 48]LogMemory: Virtual Memory: 3856.86 MB used,  2857.53 MB free, 8388608.00 MB total
[2018.04.12-10.26.37:935][ 48]LogMemory: 
[2018.04.12-10.26.37:935][ 48]Allocator Stats for TBB: (not implemented)
[2018.04.12-10.26.37:997][ 48]LogAIModule: Creating AISystem for world Game_Over_Level1_Level
[2018.04.12-10.26.37:997][ 48]LogLoad: Game class is '2DSideScrollerGameMode_C'
[2018.04.12-10.26.37:999][ 48]LogWorld: Bringing World /Game/Levels/UEDPIE_0_Game_Over_Level1_Level.Game_Over_Level1_Level up for play (max tick rate 0) at 2018.04.12-12.26.37
[2018.04.12-10.26.37:999][ 48]LogWorld: Bringing up level for play took: 0.001283
[2018.04.12-10.26.37:999][ 48]LogGameMode: FindPlayerStart: PATHS NOT DEFINED or NO PLAYERSTART with positive rating
[2018.04.12-10.26.38:001][ 48]LogLoad: Took 0.105374 seconds to LoadMap(/Game/Levels/Game_Over_Level1_Level)
[2018.04.12-10.26.39:106][180]LogNet: Browse: /Game/Levels/Level1
[2018.04.12-10.26.39:106][180]LogLoad: LoadMap: /Game/Levels/Level1
[2018.04.12-10.26.39:125][180]Cmd: MEM
[2018.04.12-10.26.39:141][180]LogMemory: Platform Memory Stats for Windows
[2018.04.12-10.26.39:141][180]LogMemory: Process Physical Memory: 1686.70 MB used, 1710.50 MB peak
[2018.04.12-10.26.39:141][180]LogMemory: Process Virtual Memory: 3167.78 MB used, 3273.93 MB peak
[2018.04.12-10.26.39:141][180]LogMemory: Physical Memory: 5302.14 MB used,  2850.56 MB free, 8152.70 MB total
[2018.04.12-10.26.39:141][180]LogMemory: Virtual Memory: 3850.86 MB used,  2850.56 MB free, 8388608.00 MB total
[2018.04.12-10.26.39:141][180]LogMemory: 
[2018.04.12-10.26.39:141][180]Allocator Stats for TBB: (not implemented)
[2018.04.12-10.26.39:141][180]LogPlayLevel: Creating play world package: /Game/Levels/UEDPIE_0_Level1
[2018.04.12-10.26.39:168][180]LogPlayLevel: PIE: StaticDuplicateObject took: (0.027045s)
[2018.04.12-10.26.39:169][180]LogAIModule: Creating AISystem for world Level1
[2018.04.12-10.26.39:169][180]LogPlayLevel: PIE: World Init took: (0.000628s)
[2018.04.12-10.26.39:169][180]LogPlayLevel: PIE: Created PIE world by copying editor world from /Game/Levels/Level1.Level1 to /Game/Levels/UEDPIE_0_Level1.Level1 (0.027980s)
[2018.04.12-10.26.39:169][180]LogLoad: Game class is '2DSideScrollerGameMode_C'
[2018.04.12-10.26.39:184][180]LogWorld: Bringing World /Game/Levels/UEDPIE_0_Level1.Level1 up for play (max tick rate 0) at 2018.04.12-12.26.39
[2018.04.12-10.26.39:185][180]LogWorld: Bringing up level for play took: 0.014995
[2018.04.12-10.26.39:186][180]LogLoad: Took 0.079803 seconds to LoadMap(/Game/Levels/UEDPIE_0_Level1)
[2018.04.12-10.26.43:778][728]LogNet: Browse: /Game/Levels/Game_Over_Level1_Level
[2018.04.12-10.26.43:778][728]LogLoad: LoadMap: /Game/Levels/Game_Over_Level1_Level
[2018.04.12-10.26.43:801][728]Cmd: MEM
[2018.04.12-10.26.43:817][728]LogMemory: Platform Memory Stats for Windows
[2018.04.12-10.26.43:817][728]LogMemory: Process Physical Memory: 1686.70 MB used, 1710.50 MB peak
[2018.04.12-10.26.43:817][728]LogMemory: Process Virtual Memory: 3173.77 MB used, 3273.93 MB peak
[2018.04.12-10.26.43:817][728]LogMemory: Physical Memory: 5290.05 MB used,  2862.65 MB free, 8152.70 MB total
[2018.04.12-10.26.43:817][728]LogMemory: Virtual Memory: 3856.86 MB used,  2862.65 MB free, 8388608.00 MB total
[2018.04.12-10.26.43:817][728]LogMemory: 
[2018.04.12-10.26.43:817][728]Allocator Stats for TBB: (not implemented)
[2018.04.12-10.26.43:881][728]LogAIModule: Creating AISystem for world Game_Over_Level1_Level
[2018.04.12-10.26.43:881][728]LogLoad: Game class is '2DSideScrollerGameMode_C'
[2018.04.12-10.26.43:883][728]LogWorld: Bringing World /Game/Levels/UEDPIE_0_Game_Over_Level1_Level.Game_Over_Level1_Level up for play (max tick rate 0) at 2018.04.12-12.26.43
[2018.04.12-10.26.43:883][728]LogWorld: Bringing up level for play took: 0.001273
[2018.04.12-10.26.43:883][728]LogGameMode: FindPlayerStart: PATHS NOT DEFINED or NO PLAYERSTART with positive rating
[2018.04.12-10.26.43:885][728]LogLoad: Took 0.106759 seconds to LoadMap(/Game/Levels/Game_Over_Level1_Level)
[2018.04.12-10.26.44:990][860]LogNet: Browse: /Game/Levels/Main_Menu_Level
[2018.04.12-10.26.44:990][860]LogLoad: LoadMap: /Game/Levels/Main_Menu_Level
[2018.04.12-10.26.45:008][860]Cmd: MEM
[2018.04.12-10.26.45:022][860]LogMemory: Platform Memory Stats for Windows
[2018.04.12-10.26.45:022][860]LogMemory: Process Physical Memory: 1686.70 MB used, 1710.50 MB peak
[2018.04.12-10.26.45:022][860]LogMemory: Process Virtual Memory: 3167.78 MB used, 3273.93 MB peak
[2018.04.12-10.26.45:022][860]LogMemory: Physical Memory: 5294.75 MB used,  2857.95 MB free, 8152.70 MB total
[2018.04.12-10.26.45:022][860]LogMemory: Virtual Memory: 3850.86 MB used,  2857.95 MB free, 8388608.00 MB total
[2018.04.12-10.26.45:022][860]LogMemory: 
[2018.04.12-10.26.45:022][860]Allocator Stats for TBB: (not implemented)
[2018.04.12-10.26.45:083][860]LogAIModule: Creating AISystem for world Main_Menu_Level
[2018.04.12-10.26.45:084][860]LogLoad: Game class is '2DSideScrollerGameMode_C'
[2018.04.12-10.26.45:085][860]LogWorld: Bringing World /Game/Levels/UEDPIE_0_Main_Menu_Level.Main_Menu_Level up for play (max tick rate 0) at 2018.04.12-12.26.45
[2018.04.12-10.26.45:086][860]LogWorld: Bringing up level for play took: 0.001197
[2018.04.12-10.26.45:086][860]LogGameMode: FindPlayerStart: PATHS NOT DEFINED or NO PLAYERSTART with positive rating
[2018.04.12-10.26.45:088][860]LogLoad: Took 0.097986 seconds to LoadMap(/Game/Levels/Main_Menu_Level)
[2018.04.12-10.26.47:651][ 82]LogBlueprintUserMessages: Early EndPlayMap Detection: Level '/Game/Levels/Level1.Level1:PersistentLevel' has LevelScriptBlueprint '/Game/Levels/Level1.Level1:PersistentLevel.Level1' with GeneratedClass '/Game/Levels/Level1.Level1_C' with ClassGeneratedBy '/Game/Levels/Level1.Level1:PersistentLevel.Level1'
[2018.04.12-10.26.47:683][ 82]LogBlueprintUserMessages: Late EndPlayMap Detection: Level '/Game/Levels/Level1.Level1:PersistentLevel' has LevelScriptBlueprint '/Game/Levels/Level1.Level1:PersistentLevel.Level1' with GeneratedClass '/Game/Levels/Level1.Level1_C' with ClassGeneratedBy '/Game/Levels/Level1.Level1:PersistentLevel.Level1'
[2018.04.12-10.32.05:314][136]LogSavePackage: Save=705.98ms
[2018.04.12-10.32.05:314][136]LogSavePackage: Moving '../../../../Users/Adrian/Desktop/Top secret/ADRIA/Universidad/3r Grado/Diseño/RunnerGame/Game/Saved/Level1_Auto34360F2EE4E492A55540563A48730581F.tmp' to '../../../../Users/Adrian/Desktop/Top secret/ADRIA/Universidad/3r Grado/Diseño/RunnerGame/Game/Saved/Autosaves/Game/Levels/Level1_Auto3.umap'
[2018.04.12-10.32.05:316][136]LogSavePackage: Display: Finished SavePackage ../../../../Users/Adrian/Desktop/Top secret/ADRIA/Universidad/3r Grado/Diseño/RunnerGame/Game/Saved/Autosaves/Game/Levels/Level1_Auto3.umap
[2018.04.12-10.32.05:318][136]LogFileHelpers: Editor autosave (incl. sublevels) for '/Game/Levels/Level1' took 0.763
[2018.04.12-10.32.05:318][136]LogFileHelpers: Editor autosave (incl. sublevels) for all levels took 0.763
[2018.04.12-10.32.05:322][136]OBJ SavePackage: Generating thumbnails for [0] asset(s) in package [/Game/2DSideScrollerBP/Blueprints/2DSideScrollerCharacter] ([1] browsable assets)...
[2018.04.12-10.32.05:322][136]OBJ SavePackage: Finished generating thumbnails for package [/Game/2DSideScrollerBP/Blueprints/2DSideScrollerCharacter]
[2018.04.12-10.32.05:552][136]LogSavePackage: Save=221.64ms
[2018.04.12-10.32.05:552][136]LogSavePackage: Moving '../../../../Users/Adrian/Desktop/Top secret/ADRIA/Universidad/3r Grado/Diseño/RunnerGame/Game/Saved/2DSideScrollerCharacter_Auto3E630202F48B4CAB0927AD98A60A8BA67.tmp' to '../../../../Users/Adrian/Desktop/Top secret/ADRIA/Universidad/3r Grado/Diseño/RunnerGame/Game/Saved/Autosaves/Game/2DSideScrollerBP/Blueprints/2DSideScrollerCharacter_Auto3.uasset'
[2018.04.12-10.32.05:554][136]LogSavePackage: Display: Finished SavePackage ../../../../Users/Adrian/Desktop/Top secret/ADRIA/Universidad/3r Grado/Diseño/RunnerGame/Game/Saved/Autosaves/Game/2DSideScrollerBP/Blueprints/2DSideScrollerCharacter_Auto3.uasset
[2018.04.12-10.32.05:555][136]LogFileHelpers: Auto-saving content packages took 0.235
[2018.04.12-10.32.13:227][860]LogTemp: Repeating last play command: Selected Viewport
[2018.04.12-10.32.13:275][860]LogBlueprintUserMessages: Early PlayInEditor Detection: Level '/Game/Levels/Level1.Level1:PersistentLevel' has LevelScriptBlueprint '/Game/Levels/Level1.Level1:PersistentLevel.Level1' with GeneratedClass '/Game/Levels/Level1.Level1_C' with ClassGeneratedBy '/Game/Levels/Level1.Level1:PersistentLevel.Level1'
[2018.04.12-10.32.13:275][860]LogPlayLevel: PlayLevel: No blueprints needed recompiling
[2018.04.12-10.32.13:275][860]PIE: New page: PIE session: Level1 (Apr 12, 2018, 2:32:13 PM)
[2018.04.12-10.32.13:276][860]LogPlayLevel: Creating play world package: /Game/Levels/UEDPIE_0_Level1
[2018.04.12-10.32.13:304][860]LogPlayLevel: PIE: StaticDuplicateObject took: (0.027381s)
[2018.04.12-10.32.13:304][860]LogAIModule: Creating AISystem for world Level1
[2018.04.12-10.32.13:305][860]LogPlayLevel: PIE: World Init took: (0.000806s)
[2018.04.12-10.32.13:305][860]LogPlayLevel: PIE: Created PIE world by copying editor world from /Game/Levels/Level1.Level1 to /Game/Levels/UEDPIE_0_Level1.Level1 (0.028562s)
[2018.04.12-10.32.13:327][860]LogInit: XAudio2 using 'Altavoces (Logitech G430 Gaming Headset)' : 2 channels at 44.1 kHz using 16 bits per sample (channel mask 0x3)
[2018.04.12-10.32.13:335][860]LogInit: FAudioDevice initialized.
[2018.04.12-10.32.13:363][860]LogLoad: Game class is '2DSideScrollerGameMode_C'
[2018.04.12-10.32.13:377][860]LogWorld: Bringing World /Game/Levels/UEDPIE_0_Level1.Level1 up for play (max tick rate 0) at 2018.04.12-12.32.13
[2018.04.12-10.32.13:378][860]LogWorld: Bringing up level for play took: 0.014850
[2018.04.12-10.32.13:380][860]PIE: Play in editor start time for /Game/Levels/UEDPIE_0_Level1 0.537
[2018.04.12-10.32.13:380][860]LogBlueprintUserMessages: Late PlayInEditor Detection: Level '/Game/Levels/Level1.Level1:PersistentLevel' has LevelScriptBlueprint '/Game/Levels/Level1.Level1:PersistentLevel.Level1' with GeneratedClass '/Game/Levels/Level1.Level1_C' with ClassGeneratedBy '/Game/Levels/Level1.Level1:PersistentLevel.Level1'
[2018.04.12-10.32.17:714][378]LogNet: Browse: /Game/Levels/Game_Over_Level1_Level
[2018.04.12-10.32.17:714][378]LogLoad: LoadMap: /Game/Levels/Game_Over_Level1_Level
[2018.04.12-10.32.17:737][378]Cmd: MEM
[2018.04.12-10.32.17:754][378]LogMemory: Platform Memory Stats for Windows
[2018.04.12-10.32.17:754][378]LogMemory: Process Physical Memory: 1704.69 MB used, 1712.92 MB peak
[2018.04.12-10.32.17:754][378]LogMemory: Process Virtual Memory: 3181.72 MB used, 3273.93 MB peak
[2018.04.12-10.32.17:754][378]LogMemory: Physical Memory: 5055.65 MB used,  3097.05 MB free, 8152.70 MB total
[2018.04.12-10.32.17:754][378]LogMemory: Virtual Memory: 3855.23 MB used,  3097.05 MB free, 8388608.00 MB total
[2018.04.12-10.32.17:754][378]LogMemory: 
[2018.04.12-10.32.17:754][378]Allocator Stats for TBB: (not implemented)
[2018.04.12-10.32.17:818][378]LogAIModule: Creating AISystem for world Game_Over_Level1_Level
[2018.04.12-10.32.17:818][378]LogLoad: Game class is '2DSideScrollerGameMode_C'
[2018.04.12-10.32.17:820][378]LogWorld: Bringing World /Game/Levels/UEDPIE_0_Game_Over_Level1_Level.Game_Over_Level1_Level up for play (max tick rate 0) at 2018.04.12-12.32.17
[2018.04.12-10.32.17:821][378]LogWorld: Bringing up level for play took: 0.001447
[2018.04.12-10.32.17:821][378]LogGameMode: FindPlayerStart: PATHS NOT DEFINED or NO PLAYERSTART with positive rating
[2018.04.12-10.32.17:823][378]LogLoad: Took 0.108962 seconds to LoadMap(/Game/Levels/Game_Over_Level1_Level)
[2018.04.12-10.32.18:446][452]LogBlueprintUserMessages: Early EndPlayMap Detection: Level '/Game/Levels/Level1.Level1:PersistentLevel' has LevelScriptBlueprint '/Game/Levels/Level1.Level1:PersistentLevel.Level1' with GeneratedClass '/Game/Levels/Level1.Level1_C' with ClassGeneratedBy '/Game/Levels/Level1.Level1:PersistentLevel.Level1'
[2018.04.12-10.32.18:478][452]LogBlueprintUserMessages: Late EndPlayMap Detection: Level '/Game/Levels/Level1.Level1:PersistentLevel' has LevelScriptBlueprint '/Game/Levels/Level1.Level1:PersistentLevel.Level1' with GeneratedClass '/Game/Levels/Level1.Level1_C' with ClassGeneratedBy '/Game/Levels/Level1.Level1:PersistentLevel.Level1'
[2018.04.12-10.33.20:430][228]LogTemp: Repeating last play command: Selected Viewport
[2018.04.12-10.33.20:478][228]LogBlueprintUserMessages: Early PlayInEditor Detection: Level '/Game/Levels/Level1.Level1:PersistentLevel' has LevelScriptBlueprint '/Game/Levels/Level1.Level1:PersistentLevel.Level1' with GeneratedClass '/Game/Levels/Level1.Level1_C' with ClassGeneratedBy '/Game/Levels/Level1.Level1:PersistentLevel.Level1'
[2018.04.12-10.33.20:478][228]BlueprintLog: New page: Pre-Play auto-recompile
[2018.04.12-10.33.20:531][228]LogPlayLevel: [PlayLevel] Compiling Gold before play...
[2018.04.12-10.33.20:534][228]LogPlayLevel: [PlayLevel]   Compiling Landscape_Past as a dependent...
[2018.04.12-10.33.20:537][228]LogPlayLevel: [PlayLevel]   Compiling Landscape_Present as a dependent...
[2018.04.12-10.33.20:540][228]LogPlayLevel: [PlayLevel]   Compiling ObjectAgacharPast as a dependent...
[2018.04.12-10.33.20:548][228]LogPlayLevel: [PlayLevel]   Compiling ObjectAgacharPresent1 as a dependent...
[2018.04.12-10.33.20:555][228]LogPlayLevel: [PlayLevel]   Compiling ObjectDashPast as a dependent...
[2018.04.12-10.33.20:581][228]LogPlayLevel: [PlayLevel]   Compiling ObjectDashPresent as a dependent...
[2018.04.12-10.33.20:611][228]LogPlayLevel: [PlayLevel]   Compiling ObjectFloorPast as a dependent...
[2018.04.12-10.33.20:620][228]LogPlayLevel: [PlayLevel]   Compiling ObjectFloorPresent1 as a dependent...
[2018.04.12-10.33.20:630][228]LogPlayLevel: [PlayLevel]   Compiling ObjectJumpPast as a dependent...
[2018.04.12-10.33.20:637][228]LogPlayLevel: [PlayLevel]   Compiling ObjectJumpPresent1 as a dependent...
[2018.04.12-10.33.20:644][228]LogPlayLevel: [PlayLevel]   Compiling ObjectSpacePast as a dependent...
[2018.04.12-10.33.20:650][228]LogPlayLevel: [PlayLevel]   Compiling ObjectSpacePresent as a dependent...
[2018.04.12-10.33.20:659][228]LogPlayLevel: [PlayLevel]   Compiling Trigger_FinishLevel as a dependent...
[2018.04.12-10.33.20:666][228]LogPlayLevel: [PlayLevel]   Compiling Level1 as a dependent...
[2018.04.12-10.33.20:701][228]LogPlayLevel: [PlayLevel]   Compiling 2DSideScrollerCharacter as a dependent...
[2018.04.12-10.33.39:995][228]LogPlayLevel: PlayLevel: Blueprint regeneration took 19517 ms (16 blueprints)
[2018.04.12-10.33.39:995][228]PIE: New page: PIE session: Level1 (Apr 12, 2018, 2:33:39 PM)
[2018.04.12-10.33.39:997][228]LogPlayLevel: Creating play world package: /Game/Levels/UEDPIE_0_Level1
[2018.04.12-10.33.40:026][228]LogPlayLevel: PIE: StaticDuplicateObject took: (0.028585s)
[2018.04.12-10.33.40:026][228]LogAIModule: Creating AISystem for world Level1
[2018.04.12-10.33.40:026][228]LogPlayLevel: PIE: World Init took: (0.000740s)
[2018.04.12-10.33.40:027][228]LogPlayLevel: PIE: Created PIE world by copying editor world from /Game/Levels/Level1.Level1 to /Game/Levels/UEDPIE_0_Level1.Level1 (0.029771s)
[2018.04.12-10.33.40:052][228]LogInit: XAudio2 using 'Altavoces (Logitech G430 Gaming Headset)' : 2 channels at 44.1 kHz using 16 bits per sample (channel mask 0x3)
[2018.04.12-10.33.40:060][228]LogInit: FAudioDevice initialized.
[2018.04.12-10.33.40:088][228]LogLoad: Game class is '2DSideScrollerGameMode_C'
[2018.04.12-10.33.40:103][228]LogWorld: Bringing World /Game/Levels/UEDPIE_0_Level1.Level1 up for play (max tick rate 3) at 2018.04.12-12.33.40
[2018.04.12-10.33.40:104][228]LogWorld: Bringing up level for play took: 0.014854
[2018.04.12-10.33.40:105][228]PIE: Play in editor start time for /Game/Levels/UEDPIE_0_Level1 19.261
[2018.04.12-10.33.40:106][228]LogBlueprintUserMessages: Late PlayInEditor Detection: Level '/Game/Levels/Level1.Level1:PersistentLevel' has LevelScriptBlueprint '/Game/Levels/Level1.Level1:PersistentLevel.Level1' with GeneratedClass '/Game/Levels/Level1.Level1_C' with ClassGeneratedBy '/Game/Levels/Level1.Level1:PersistentLevel.Level1'
[2018.04.12-10.33.44:130][241]LogNet: Browse: /Game/Levels/Game_Over_Level1_Level
[2018.04.12-10.33.44:130][241]LogLoad: LoadMap: /Game/Levels/Game_Over_Level1_Level
[2018.04.12-10.33.44:167][241]Cmd: MEM
[2018.04.12-10.33.44:184][241]LogMemory: Platform Memory Stats for Windows
[2018.04.12-10.33.44:184][241]LogMemory: Process Physical Memory: 1721.68 MB used, 1733.84 MB peak
[2018.04.12-10.33.44:184][241]LogMemory: Process Virtual Memory: 3213.75 MB used, 3273.93 MB peak
[2018.04.12-10.33.44:184][241]LogMemory: Physical Memory: 5164.48 MB used,  2988.22 MB free, 8152.70 MB total
[2018.04.12-10.33.44:184][241]LogMemory: Virtual Memory: 3882.05 MB used,  2988.22 MB free, 8388608.00 MB total
[2018.04.12-10.33.44:184][241]LogMemory: 
[2018.04.12-10.33.44:184][241]Allocator Stats for TBB: (not implemented)
[2018.04.12-10.33.44:247][241]LogAIModule: Creating AISystem for world Game_Over_Level1_Level
[2018.04.12-10.33.44:247][241]LogLoad: Game class is '2DSideScrollerGameMode_C'
[2018.04.12-10.33.44:249][241]LogWorld: Bringing World /Game/Levels/UEDPIE_0_Game_Over_Level1_Level.Game_Over_Level1_Level up for play (max tick rate 3) at 2018.04.12-12.33.44
[2018.04.12-10.33.44:249][241]LogWorld: Bringing up level for play took: 0.001165
[2018.04.12-10.33.44:250][241]LogGameMode: FindPlayerStart: PATHS NOT DEFINED or NO PLAYERSTART with positive rating
[2018.04.12-10.33.44:252][241]LogLoad: Took 0.121434 seconds to LoadMap(/Game/Levels/Game_Over_Level1_Level)
[2018.04.12-10.33.52:739][461]LogBlueprintUserMessages: Early EndPlayMap Detection: Level '/Game/Levels/Level1.Level1:PersistentLevel' has LevelScriptBlueprint '/Game/Levels/Level1.Level1:PersistentLevel.Level1' with GeneratedClass '/Game/Levels/Level1.Level1_C' with ClassGeneratedBy '/Game/Levels/Level1.Level1:PersistentLevel.Level1'
[2018.04.12-10.33.52:772][461]LogBlueprintUserMessages: Late EndPlayMap Detection: Level '/Game/Levels/Level1.Level1:PersistentLevel' has LevelScriptBlueprint '/Game/Levels/Level1.Level1:PersistentLevel.Level1' with GeneratedClass '/Game/Levels/Level1.Level1_C' with ClassGeneratedBy '/Game/Levels/Level1.Level1:PersistentLevel.Level1'
[2018.04.12-10.33.55:506][649]LogSavePackage: Save=690.51ms
[2018.04.12-10.33.55:506][649]LogSavePackage: Moving '../../../../Users/Adrian/Desktop/Top secret/ADRIA/Universidad/3r Grado/Diseño/RunnerGame/Game/Saved/Level1FA93D8CC4AF79D187109F68886AAF3C8.tmp' to '../../../../Users/Adrian/Desktop/Top secret/ADRIA/Universidad/3r Grado/Diseño/RunnerGame/Game/Content/Levels/Level1.umap'
[2018.04.12-10.33.55:510][649]LogSavePackage: Display: Finished SavePackage ../../../../Users/Adrian/Desktop/Top secret/ADRIA/Universidad/3r Grado/Diseño/RunnerGame/Game/Content/Levels/Level1.umap
[2018.04.12-10.33.55:547][649]LogFileHelpers: Saving map 'Level1' took 0.808
[2018.04.12-10.33.55:776][649]LogSavePackage: Save=218.50ms
[2018.04.12-10.33.55:776][649]LogSavePackage: Moving '../../../../Users/Adrian/Desktop/Top secret/ADRIA/Universidad/3r Grado/Diseño/RunnerGame/Game/Saved/2DSideScrollerCharacterE31969224418A7540CA83FBFC3DC3101.tmp' to '../../../../Users/Adrian/Desktop/Top secret/ADRIA/Universidad/3r Grado/Diseño/RunnerGame/Game/Content/2DSideScrollerBP/Blueprints/2DSideScrollerCharacter.uasset'
[2018.04.12-10.33.55:780][649]LogSavePackage: Display: Finished SavePackage ../../../../Users/Adrian/Desktop/Top secret/ADRIA/Universidad/3r Grado/Diseño/RunnerGame/Game/Content/2DSideScrollerBP/Blueprints/2DSideScrollerCharacter.uasset
[2018.04.12-10.34.09:868][838]LogTemp: Repeating last play command: Selected Viewport
[2018.04.12-10.34.09:896][838]LogBlueprintUserMessages: Early PlayInEditor Detection: Level '/Game/Levels/Level1.Level1:PersistentLevel' has LevelScriptBlueprint '/Game/Levels/Level1.Level1:PersistentLevel.Level1' with GeneratedClass '/Game/Levels/Level1.Level1_C' with ClassGeneratedBy '/Game/Levels/Level1.Level1:PersistentLevel.Level1'
[2018.04.12-10.34.09:896][838]LogPlayLevel: PlayLevel: No blueprints needed recompiling
[2018.04.12-10.34.09:896][838]PIE: New page: PIE session: Level1 (Apr 12, 2018, 2:34:09 PM)
[2018.04.12-10.34.09:898][838]LogPlayLevel: Creating play world package: /Game/Levels/UEDPIE_0_Level1
[2018.04.12-10.34.09:925][838]LogPlayLevel: PIE: StaticDuplicateObject took: (0.027390s)
[2018.04.12-10.34.09:926][838]LogAIModule: Creating AISystem for world Level1
[2018.04.12-10.34.09:926][838]LogPlayLevel: PIE: World Init took: (0.000737s)
[2018.04.12-10.34.09:927][838]LogPlayLevel: PIE: Created PIE world by copying editor world from /Game/Levels/Level1.Level1 to /Game/Levels/UEDPIE_0_Level1.Level1 (0.028571s)
[2018.04.12-10.34.09:951][838]LogInit: XAudio2 using 'Altavoces (Logitech G430 Gaming Headset)' : 2 channels at 44.1 kHz using 16 bits per sample (channel mask 0x3)
[2018.04.12-10.34.09:958][838]LogInit: FAudioDevice initialized.
[2018.04.12-10.34.09:984][838]LogLoad: Game class is '2DSideScrollerGameMode_C'
[2018.04.12-10.34.09:999][838]LogWorld: Bringing World /Game/Levels/UEDPIE_0_Level1.Level1 up for play (max tick rate 0) at 2018.04.12-12.34.09
[2018.04.12-10.34.10:000][838]LogWorld: Bringing up level for play took: 0.014408
[2018.04.12-10.34.10:001][838]PIE: Play in editor start time for /Game/Levels/UEDPIE_0_Level1 -0.843
[2018.04.12-10.34.10:001][838]LogBlueprintUserMessages: Late PlayInEditor Detection: Level '/Game/Levels/Level1.Level1:PersistentLevel' has LevelScriptBlueprint '/Game/Levels/Level1.Level1:PersistentLevel.Level1' with GeneratedClass '/Game/Levels/Level1.Level1_C' with ClassGeneratedBy '/Game/Levels/Level1.Level1:PersistentLevel.Level1'
[2018.04.12-10.34.14:540][381]LogNet: Browse: /Game/Levels/Game_Over_Level1_Level
[2018.04.12-10.34.14:540][381]LogLoad: LoadMap: /Game/Levels/Game_Over_Level1_Level
[2018.04.12-10.34.14:565][381]Cmd: MEM
[2018.04.12-10.34.14:581][381]LogMemory: Platform Memory Stats for Windows
[2018.04.12-10.34.14:581][381]LogMemory: Process Physical Memory: 1718.27 MB used, 1737.73 MB peak
[2018.04.12-10.34.14:581][381]LogMemory: Process Virtual Memory: 3201.73 MB used, 3301.92 MB peak
[2018.04.12-10.34.14:581][381]LogMemory: Physical Memory: 5163.09 MB used,  2989.61 MB free, 8152.70 MB total
[2018.04.12-10.34.14:581][381]LogMemory: Virtual Memory: 3870.42 MB used,  2989.61 MB free, 8388608.00 MB total
[2018.04.12-10.34.14:581][381]LogMemory: 
[2018.04.12-10.34.14:581][381]Allocator Stats for TBB: (not implemented)
[2018.04.12-10.34.14:644][381]LogAIModule: Creating AISystem for world Game_Over_Level1_Level
[2018.04.12-10.34.14:644][381]LogLoad: Game class is '2DSideScrollerGameMode_C'
[2018.04.12-10.34.14:646][381]LogWorld: Bringing World /Game/Levels/UEDPIE_0_Game_Over_Level1_Level.Game_Over_Level1_Level up for play (max tick rate 0) at 2018.04.12-12.34.14
[2018.04.12-10.34.14:646][381]LogWorld: Bringing up level for play took: 0.001114
[2018.04.12-10.34.14:647][381]LogGameMode: FindPlayerStart: PATHS NOT DEFINED or NO PLAYERSTART with positive rating
[2018.04.12-10.34.14:648][381]LogLoad: Took 0.108545 seconds to LoadMap(/Game/Levels/Game_Over_Level1_Level)
[2018.04.12-10.34.15:145][440]LogBlueprintUserMessages: Early EndPlayMap Detection: Level '/Game/Levels/Level1.Level1:PersistentLevel' has LevelScriptBlueprint '/Game/Levels/Level1.Level1:PersistentLevel.Level1' with GeneratedClass '/Game/Levels/Level1.Level1_C' with ClassGeneratedBy '/Game/Levels/Level1.Level1:PersistentLevel.Level1'
[2018.04.12-10.34.15:177][440]LogBlueprintUserMessages: Late EndPlayMap Detection: Level '/Game/Levels/Level1.Level1:PersistentLevel' has LevelScriptBlueprint '/Game/Levels/Level1.Level1:PersistentLevel.Level1' with GeneratedClass '/Game/Levels/Level1.Level1_C' with ClassGeneratedBy '/Game/Levels/Level1.Level1:PersistentLevel.Level1'
